Analysis & Synthesis report for ProcessadorMulticiclo
Fri Sep 29 15:25:05 2023
Quartus II 64-Bit Version 13.0.1 Build 232 06/12/2013 Service Pack 1 SJ Web Edition


---------------------
; Table of Contents ;
---------------------
  1. Legal Notice
  2. Analysis & Synthesis Summary
  3. Analysis & Synthesis Settings
  4. Parallel Compilation
  5. Analysis & Synthesis Source Files Read
  6. Analysis & Synthesis Resource Usage Summary
  7. Analysis & Synthesis Resource Utilization by Entity
  8. Analysis & Synthesis RAM Summary
  9. Analysis & Synthesis IP Cores Summary
 10. User-Specified and Inferred Latches
 11. Registers Removed During Synthesis
 12. General Register Statistics
 13. Multiplexer Restructuring Statistics (Restructuring Performed)
 14. Source assignments for MemLPM:memoria|altsyncram:altsyncram_component|altsyncram_9pf1:auto_generated
 15. Parameter Settings for User Entity Instance: ProcessadorMulticiclo:processador
 16. Parameter Settings for User Entity Instance: ProcessadorMulticiclo:processador|registradoresR:Reg0
 17. Parameter Settings for User Entity Instance: ProcessadorMulticiclo:processador|registradoresR:Reg1
 18. Parameter Settings for User Entity Instance: ProcessadorMulticiclo:processador|registradoresR:Reg2
 19. Parameter Settings for User Entity Instance: ProcessadorMulticiclo:processador|registradoresR:Reg3
 20. Parameter Settings for User Entity Instance: ProcessadorMulticiclo:processador|registradoresR:Reg4
 21. Parameter Settings for User Entity Instance: ProcessadorMulticiclo:processador|registradoresR:Reg5
 22. Parameter Settings for User Entity Instance: ProcessadorMulticiclo:processador|registradoresR:Reg6
 23. Parameter Settings for User Entity Instance: ProcessadorMulticiclo:processador|registradoresR:RegA
 24. Parameter Settings for User Entity Instance: ProcessadorMulticiclo:processador|registradoresR:RegG
 25. Parameter Settings for User Entity Instance: ProcessadorMulticiclo:processador|registradoresR:RegADOut
 26. Parameter Settings for User Entity Instance: ProcessadorMulticiclo:processador|registradoresR:RegDOUT
 27. Parameter Settings for User Entity Instance: ProcessadorMulticiclo:processador|contadoresR:Reg7
 28. Parameter Settings for User Entity Instance: ProcessadorMulticiclo:processador|registradoresI:RegI
 29. Parameter Settings for User Entity Instance: ProcessadorMulticiclo:processador|ULA:ula
 30. Parameter Settings for User Entity Instance: MemLPM:memoria|altsyncram:altsyncram_component
 31. altsyncram Parameter Settings by Entity Instance
 32. Port Connectivity Checks: "decodificador:Display6_Tstep_Q"
 33. Port Connectivity Checks: "ProcessadorMulticiclo:processador|ULA:ula"
 34. Port Connectivity Checks: "ProcessadorMulticiclo:processador|registradoresR:RegG"
 35. Port Connectivity Checks: "ProcessadorMulticiclo:processador|dec3to8:RegY"
 36. Port Connectivity Checks: "ProcessadorMulticiclo:processador|dec3to8:RegX"
 37. Port Connectivity Checks: "ProcessadorMulticiclo:processador"
 38. Elapsed Time Per Partition
 39. Analysis & Synthesis Messages
 40. Analysis & Synthesis Suppressed Messages



----------------
; Legal Notice ;
----------------
Copyright (C) 1991-2013 Altera Corporation
Your use of Altera Corporation's design tools, logic functions 
and other software and tools, and its AMPP partner logic 
functions, and any output files from any of the foregoing 
(including device programming or simulation files), and any 
associated documentation or information are expressly subject 
to the terms and conditions of the Altera Program License 
Subscription Agreement, Altera MegaCore Function License 
Agreement, or other applicable license agreement, including, 
without limitation, that your use is for the sole purpose of 
programming logic devices manufactured by Altera and sold by 
Altera or its authorized distributors.  Please refer to the 
applicable agreement for further details.



+--------------------------------------------------------------------------------------+
; Analysis & Synthesis Summary                                                         ;
+------------------------------------+-------------------------------------------------+
; Analysis & Synthesis Status        ; Successful - Fri Sep 29 15:25:05 2023           ;
; Quartus II 64-Bit Version          ; 13.0.1 Build 232 06/12/2013 SP 1 SJ Web Edition ;
; Revision Name                      ; ProcessadorMulticiclo                           ;
; Top-level Entity Name              ; moduloTeste                                     ;
; Family                             ; Cyclone II                                      ;
; Total logic elements               ; 517                                             ;
;     Total combinational functions  ; 371                                             ;
;     Dedicated logic registers      ; 182                                             ;
; Total registers                    ; 182                                             ;
; Total pins                         ; 105                                             ;
; Total virtual pins                 ; 0                                               ;
; Total memory bits                  ; 512                                             ;
; Embedded Multiplier 9-bit elements ; 0                                               ;
; Total PLLs                         ; 0                                               ;
+------------------------------------+-------------------------------------------------+


+-------------------------------------------------------------------------------------------------------------------------+
; Analysis & Synthesis Settings                                                                                           ;
+----------------------------------------------------------------------------+--------------------+-----------------------+
; Option                                                                     ; Setting            ; Default Value         ;
+----------------------------------------------------------------------------+--------------------+-----------------------+
; Device                                                                     ; EP2C35F672C6       ;                       ;
; Top-level entity name                                                      ; moduloTeste        ; ProcessadorMulticiclo ;
; Family name                                                                ; Cyclone II         ; Cyclone IV GX         ;
; Use smart compilation                                                      ; Off                ; Off                   ;
; Enable parallel Assembler and TimeQuest Timing Analyzer during compilation ; On                 ; On                    ;
; Enable compact report table                                                ; Off                ; Off                   ;
; Restructure Multiplexers                                                   ; Auto               ; Auto                  ;
; Create Debugging Nodes for IP Cores                                        ; Off                ; Off                   ;
; Preserve fewer node names                                                  ; On                 ; On                    ;
; Disable OpenCore Plus hardware evaluation                                  ; Off                ; Off                   ;
; Verilog Version                                                            ; Verilog_2001       ; Verilog_2001          ;
; VHDL Version                                                               ; VHDL_1993          ; VHDL_1993             ;
; State Machine Processing                                                   ; Auto               ; Auto                  ;
; Safe State Machine                                                         ; Off                ; Off                   ;
; Extract Verilog State Machines                                             ; On                 ; On                    ;
; Extract VHDL State Machines                                                ; On                 ; On                    ;
; Ignore Verilog initial constructs                                          ; Off                ; Off                   ;
; Iteration limit for constant Verilog loops                                 ; 5000               ; 5000                  ;
; Iteration limit for non-constant Verilog loops                             ; 250                ; 250                   ;
; Add Pass-Through Logic to Inferred RAMs                                    ; On                 ; On                    ;
; Infer RAMs from Raw Logic                                                  ; On                 ; On                    ;
; Parallel Synthesis                                                         ; On                 ; On                    ;
; DSP Block Balancing                                                        ; Auto               ; Auto                  ;
; NOT Gate Push-Back                                                         ; On                 ; On                    ;
; Power-Up Don't Care                                                        ; On                 ; On                    ;
; Remove Redundant Logic Cells                                               ; Off                ; Off                   ;
; Remove Duplicate Registers                                                 ; On                 ; On                    ;
; Ignore CARRY Buffers                                                       ; Off                ; Off                   ;
; Ignore CASCADE Buffers                                                     ; Off                ; Off                   ;
; Ignore GLOBAL Buffers                                                      ; Off                ; Off                   ;
; Ignore ROW GLOBAL Buffers                                                  ; Off                ; Off                   ;
; Ignore LCELL Buffers                                                       ; Off                ; Off                   ;
; Ignore SOFT Buffers                                                        ; On                 ; On                    ;
; Limit AHDL Integers to 32 Bits                                             ; Off                ; Off                   ;
; Optimization Technique                                                     ; Balanced           ; Balanced              ;
; Carry Chain Length                                                         ; 70                 ; 70                    ;
; Auto Carry Chains                                                          ; On                 ; On                    ;
; Auto Open-Drain Pins                                                       ; On                 ; On                    ;
; Perform WYSIWYG Primitive Resynthesis                                      ; Off                ; Off                   ;
; Auto ROM Replacement                                                       ; On                 ; On                    ;
; Auto RAM Replacement                                                       ; On                 ; On                    ;
; Auto Shift Register Replacement                                            ; Auto               ; Auto                  ;
; Allow Shift Register Merging across Hierarchies                            ; Auto               ; Auto                  ;
; Auto Clock Enable Replacement                                              ; On                 ; On                    ;
; Strict RAM Replacement                                                     ; Off                ; Off                   ;
; Allow Synchronous Control Signals                                          ; On                 ; On                    ;
; Force Use of Synchronous Clear Signals                                     ; Off                ; Off                   ;
; Auto RAM to Logic Cell Conversion                                          ; Off                ; Off                   ;
; Auto Resource Sharing                                                      ; Off                ; Off                   ;
; Allow Any RAM Size For Recognition                                         ; Off                ; Off                   ;
; Allow Any ROM Size For Recognition                                         ; Off                ; Off                   ;
; Allow Any Shift Register Size For Recognition                              ; Off                ; Off                   ;
; Use LogicLock Constraints during Resource Balancing                        ; On                 ; On                    ;
; Ignore translate_off and synthesis_off directives                          ; Off                ; Off                   ;
; Timing-Driven Synthesis                                                    ; Off                ; Off                   ;
; Report Parameter Settings                                                  ; On                 ; On                    ;
; Report Source Assignments                                                  ; On                 ; On                    ;
; Report Connectivity Checks                                                 ; On                 ; On                    ;
; Ignore Maximum Fan-Out Assignments                                         ; Off                ; Off                   ;
; Synchronization Register Chain Length                                      ; 2                  ; 2                     ;
; PowerPlay Power Optimization                                               ; Normal compilation ; Normal compilation    ;
; HDL message level                                                          ; Level2             ; Level2                ;
; Suppress Register Optimization Related Messages                            ; Off                ; Off                   ;
; Number of Removed Registers Reported in Synthesis Report                   ; 5000               ; 5000                  ;
; Number of Swept Nodes Reported in Synthesis Report                         ; 5000               ; 5000                  ;
; Number of Inverted Registers Reported in Synthesis Report                  ; 100                ; 100                   ;
; Clock MUX Protection                                                       ; On                 ; On                    ;
; Auto Gated Clock Conversion                                                ; Off                ; Off                   ;
; Block Design Naming                                                        ; Auto               ; Auto                  ;
; SDC constraint protection                                                  ; Off                ; Off                   ;
; Synthesis Effort                                                           ; Auto               ; Auto                  ;
; Shift Register Replacement - Allow Asynchronous Clear Signal               ; On                 ; On                    ;
; Pre-Mapping Resynthesis Optimization                                       ; Off                ; Off                   ;
; Analysis & Synthesis Message Level                                         ; Medium             ; Medium                ;
; Disable Register Merging Across Hierarchies                                ; Auto               ; Auto                  ;
; Resource Aware Inference For Block RAM                                     ; On                 ; On                    ;
; Synthesis Seed                                                             ; 1                  ; 1                     ;
+----------------------------------------------------------------------------+--------------------+-----------------------+


Parallel compilation was disabled, but you have multiple processors available. Enable parallel compilation to reduce compilation time.
+-------------------------------------+
; Parallel Compilation                ;
+----------------------------+--------+
; Processors                 ; Number ;
+----------------------------+--------+
; Number detected on machine ; 4      ;
; Maximum allowed            ; 1      ;
+----------------------------+--------+


+----------------------------------------------------------------------------------------------------------------------------------------------------------------------------------------------------------------------------------------------+
; Analysis & Synthesis Source Files Read                                                                                                                                                                                                       ;
+----------------------------------+-----------------+----------------------------------+--------------------------------------------------------------------------------------------------------------------------------------------+---------+
; File Name with User-Entered Path ; Used in Netlist ; File Type                        ; File Name with Absolute Path                                                                                                               ; Library ;
+----------------------------------+-----------------+----------------------------------+--------------------------------------------------------------------------------------------------------------------------------------------+---------+
; ProcessadorMulticiclo.v          ; yes             ; User Verilog HDL File            ; E:/Documentos/CEFET/OneDrive/2023-2/2ECOM028_LAB-ARQUITETURA-ORGANIZACAO-DE-COMPUTADORES-II_T02_6T34/P02/Part1rev0/ProcessadorMulticiclo.v ;         ;
; decodificador.v                  ; yes             ; User Verilog HDL File            ; E:/Documentos/CEFET/OneDrive/2023-2/2ECOM028_LAB-ARQUITETURA-ORGANIZACAO-DE-COMPUTADORES-II_T02_6T34/P02/Part1rev0/decodificador.v         ;         ;
; registradoresR.v                 ; yes             ; User Verilog HDL File            ; E:/Documentos/CEFET/OneDrive/2023-2/2ECOM028_LAB-ARQUITETURA-ORGANIZACAO-DE-COMPUTADORES-II_T02_6T34/P02/Part1rev0/registradoresR.v        ;         ;
; contadoresR.v                    ; yes             ; User Verilog HDL File            ; E:/Documentos/CEFET/OneDrive/2023-2/2ECOM028_LAB-ARQUITETURA-ORGANIZACAO-DE-COMPUTADORES-II_T02_6T34/P02/Part1rev0/contadoresR.v           ;         ;
; registradoresI.v                 ; yes             ; User Verilog HDL File            ; E:/Documentos/CEFET/OneDrive/2023-2/2ECOM028_LAB-ARQUITETURA-ORGANIZACAO-DE-COMPUTADORES-II_T02_6T34/P02/Part1rev0/registradoresI.v        ;         ;
; counter.v                        ; yes             ; User Verilog HDL File            ; E:/Documentos/CEFET/OneDrive/2023-2/2ECOM028_LAB-ARQUITETURA-ORGANIZACAO-DE-COMPUTADORES-II_T02_6T34/P02/Part1rev0/counter.v               ;         ;
; ULA.v                            ; yes             ; User Verilog HDL File            ; E:/Documentos/CEFET/OneDrive/2023-2/2ECOM028_LAB-ARQUITETURA-ORGANIZACAO-DE-COMPUTADORES-II_T02_6T34/P02/Part1rev0/ULA.v                   ;         ;
; mux.v                            ; yes             ; User Verilog HDL File            ; E:/Documentos/CEFET/OneDrive/2023-2/2ECOM028_LAB-ARQUITETURA-ORGANIZACAO-DE-COMPUTADORES-II_T02_6T34/P02/Part1rev0/mux.v                   ;         ;
; moduloTeste.v                    ; yes             ; User Verilog HDL File            ; E:/Documentos/CEFET/OneDrive/2023-2/2ECOM028_LAB-ARQUITETURA-ORGANIZACAO-DE-COMPUTADORES-II_T02_6T34/P02/Part1rev0/moduloTeste.v           ;         ;
; memInicializacao.mif             ; yes             ; User Memory Initialization File  ; E:/Documentos/CEFET/OneDrive/2023-2/2ECOM028_LAB-ARQUITETURA-ORGANIZACAO-DE-COMPUTADORES-II_T02_6T34/P02/Part1rev0/memInicializacao.mif    ;         ;
; MemLPM.v                         ; yes             ; User Wizard-Generated File       ; E:/Documentos/CEFET/OneDrive/2023-2/2ECOM028_LAB-ARQUITETURA-ORGANIZACAO-DE-COMPUTADORES-II_T02_6T34/P02/Part1rev0/MemLPM.v                ;         ;
; dec3to8.v                        ; yes             ; User Verilog HDL File            ; E:/Documentos/CEFET/OneDrive/2023-2/2ECOM028_LAB-ARQUITETURA-ORGANIZACAO-DE-COMPUTADORES-II_T02_6T34/P02/Part1rev0/dec3to8.v               ;         ;
; altsyncram.tdf                   ; yes             ; Megafunction                     ; c:/program files/altera/13.0sp1/quartus/libraries/megafunctions/altsyncram.tdf                                                             ;         ;
; stratix_ram_block.inc            ; yes             ; Megafunction                     ; c:/program files/altera/13.0sp1/quartus/libraries/megafunctions/stratix_ram_block.inc                                                      ;         ;
; lpm_mux.inc                      ; yes             ; Megafunction                     ; c:/program files/altera/13.0sp1/quartus/libraries/megafunctions/lpm_mux.inc                                                                ;         ;
; lpm_decode.inc                   ; yes             ; Megafunction                     ; c:/program files/altera/13.0sp1/quartus/libraries/megafunctions/lpm_decode.inc                                                             ;         ;
; aglobal130.inc                   ; yes             ; Megafunction                     ; c:/program files/altera/13.0sp1/quartus/libraries/megafunctions/aglobal130.inc                                                             ;         ;
; a_rdenreg.inc                    ; yes             ; Megafunction                     ; c:/program files/altera/13.0sp1/quartus/libraries/megafunctions/a_rdenreg.inc                                                              ;         ;
; altrom.inc                       ; yes             ; Megafunction                     ; c:/program files/altera/13.0sp1/quartus/libraries/megafunctions/altrom.inc                                                                 ;         ;
; altram.inc                       ; yes             ; Megafunction                     ; c:/program files/altera/13.0sp1/quartus/libraries/megafunctions/altram.inc                                                                 ;         ;
; altdpram.inc                     ; yes             ; Megafunction                     ; c:/program files/altera/13.0sp1/quartus/libraries/megafunctions/altdpram.inc                                                               ;         ;
; db/altsyncram_9pf1.tdf           ; yes             ; Auto-Generated Megafunction      ; E:/Documentos/CEFET/OneDrive/2023-2/2ECOM028_LAB-ARQUITETURA-ORGANIZACAO-DE-COMPUTADORES-II_T02_6T34/P02/Part1rev0/db/altsyncram_9pf1.tdf  ;         ;
+----------------------------------+-----------------+----------------------------------+--------------------------------------------------------------------------------------------------------------------------------------------+---------+


+------------------------------------------------------+
; Analysis & Synthesis Resource Usage Summary          ;
+---------------------------------------------+--------+
; Resource                                    ; Usage  ;
+---------------------------------------------+--------+
; Estimated Total logic elements              ; 517    ;
;                                             ;        ;
; Total combinational functions               ; 371    ;
; Logic element usage by number of LUT inputs ;        ;
;     -- 4 input functions                    ; 253    ;
;     -- 3 input functions                    ; 83     ;
;     -- <=2 input functions                  ; 35     ;
;                                             ;        ;
; Logic elements by mode                      ;        ;
;     -- normal mode                          ; 341    ;
;     -- arithmetic mode                      ; 30     ;
;                                             ;        ;
; Total registers                             ; 182    ;
;     -- Dedicated logic registers            ; 182    ;
;     -- I/O registers                        ; 0      ;
;                                             ;        ;
; I/O pins                                    ; 105    ;
; Total memory bits                           ; 512    ;
; Embedded Multiplier 9-bit elements          ; 0      ;
; Maximum fan-out node                        ; KEY[1] ;
; Maximum fan-out                             ; 196    ;
; Total fan-out                               ; 2074   ;
; Average fan-out                             ; 3.08   ;
+---------------------------------------------+--------+


+-------------------------------------------------------------------------------------------------------------------------------------------------------------------------------------------------------------------------------------------------------------------+
; Analysis & Synthesis Resource Utilization by Entity                                                                                                                                                                                                               ;
+-------------------------------------------+-------------------+--------------+-------------+--------------+---------+-----------+------+--------------+--------------------------------------------------------------------------------------------+--------------+
; Compilation Hierarchy Node                ; LC Combinationals ; LC Registers ; Memory Bits ; DSP Elements ; DSP 9x9 ; DSP 18x18 ; Pins ; Virtual Pins ; Full Hierarchy Name                                                                        ; Library Name ;
+-------------------------------------------+-------------------+--------------+-------------+--------------+---------+-----------+------+--------------+--------------------------------------------------------------------------------------------+--------------+
; |moduloTeste                              ; 371 (0)           ; 182 (0)      ; 512         ; 0            ; 0       ; 0         ; 105  ; 0            ; |moduloTeste                                                                               ; work         ;
;    |MemLPM:memoria|                       ; 0 (0)             ; 0 (0)        ; 512         ; 0            ; 0       ; 0         ; 0    ; 0            ; |moduloTeste|MemLPM:memoria                                                                ; work         ;
;       |altsyncram:altsyncram_component|   ; 0 (0)             ; 0 (0)        ; 512         ; 0            ; 0       ; 0         ; 0    ; 0            ; |moduloTeste|MemLPM:memoria|altsyncram:altsyncram_component                                ; work         ;
;          |altsyncram_9pf1:auto_generated| ; 0 (0)             ; 0 (0)        ; 512         ; 0            ; 0       ; 0         ; 0    ; 0            ; |moduloTeste|MemLPM:memoria|altsyncram:altsyncram_component|altsyncram_9pf1:auto_generated ; work         ;
;    |ProcessadorMulticiclo:processador|    ; 315 (76)          ; 182 (0)      ; 0           ; 0            ; 0       ; 0         ; 0    ; 0            ; |moduloTeste|ProcessadorMulticiclo:processador                                             ; work         ;
;       |ULA:ula|                           ; 37 (37)           ; 0 (0)        ; 0           ; 0            ; 0       ; 0         ; 0    ; 0            ; |moduloTeste|ProcessadorMulticiclo:processador|ULA:ula                                     ; work         ;
;       |contadoresR:Reg7|                  ; 33 (33)           ; 16 (16)      ; 0           ; 0            ; 0       ; 0         ; 0    ; 0            ; |moduloTeste|ProcessadorMulticiclo:processador|contadoresR:Reg7                            ; work         ;
;       |counter:Tstep|                     ; 3 (3)             ; 3 (3)        ; 0           ; 0            ; 0       ; 0         ; 0    ; 0            ; |moduloTeste|ProcessadorMulticiclo:processador|counter:Tstep                               ; work         ;
;       |dec3to8:RegX|                      ; 2 (2)             ; 0 (0)        ; 0           ; 0            ; 0       ; 0         ; 0    ; 0            ; |moduloTeste|ProcessadorMulticiclo:processador|dec3to8:RegX                                ; work         ;
;       |mux:MUX|                           ; 162 (162)         ; 0 (0)        ; 0           ; 0            ; 0       ; 0         ; 0    ; 0            ; |moduloTeste|ProcessadorMulticiclo:processador|mux:MUX                                     ; work         ;
;       |registradoresI:RegI|               ; 0 (0)             ; 10 (10)      ; 0           ; 0            ; 0       ; 0         ; 0    ; 0            ; |moduloTeste|ProcessadorMulticiclo:processador|registradoresI:RegI                         ; work         ;
;       |registradoresR:Reg0|               ; 0 (0)             ; 16 (16)      ; 0           ; 0            ; 0       ; 0         ; 0    ; 0            ; |moduloTeste|ProcessadorMulticiclo:processador|registradoresR:Reg0                         ; work         ;
;       |registradoresR:Reg1|               ; 0 (0)             ; 16 (16)      ; 0           ; 0            ; 0       ; 0         ; 0    ; 0            ; |moduloTeste|ProcessadorMulticiclo:processador|registradoresR:Reg1                         ; work         ;
;       |registradoresR:Reg2|               ; 0 (0)             ; 16 (16)      ; 0           ; 0            ; 0       ; 0         ; 0    ; 0            ; |moduloTeste|ProcessadorMulticiclo:processador|registradoresR:Reg2                         ; work         ;
;       |registradoresR:Reg3|               ; 0 (0)             ; 16 (16)      ; 0           ; 0            ; 0       ; 0         ; 0    ; 0            ; |moduloTeste|ProcessadorMulticiclo:processador|registradoresR:Reg3                         ; work         ;
;       |registradoresR:Reg4|               ; 0 (0)             ; 16 (16)      ; 0           ; 0            ; 0       ; 0         ; 0    ; 0            ; |moduloTeste|ProcessadorMulticiclo:processador|registradoresR:Reg4                         ; work         ;
;       |registradoresR:Reg5|               ; 0 (0)             ; 16 (16)      ; 0           ; 0            ; 0       ; 0         ; 0    ; 0            ; |moduloTeste|ProcessadorMulticiclo:processador|registradoresR:Reg5                         ; work         ;
;       |registradoresR:Reg6|               ; 0 (0)             ; 16 (16)      ; 0           ; 0            ; 0       ; 0         ; 0    ; 0            ; |moduloTeste|ProcessadorMulticiclo:processador|registradoresR:Reg6                         ; work         ;
;       |registradoresR:RegADOut|           ; 0 (0)             ; 8 (8)        ; 0           ; 0            ; 0       ; 0         ; 0    ; 0            ; |moduloTeste|ProcessadorMulticiclo:processador|registradoresR:RegADOut                     ; work         ;
;       |registradoresR:RegA|               ; 0 (0)             ; 16 (16)      ; 0           ; 0            ; 0       ; 0         ; 0    ; 0            ; |moduloTeste|ProcessadorMulticiclo:processador|registradoresR:RegA                         ; work         ;
;       |registradoresR:RegDOUT|            ; 0 (0)             ; 16 (16)      ; 0           ; 0            ; 0       ; 0         ; 0    ; 0            ; |moduloTeste|ProcessadorMulticiclo:processador|registradoresR:RegDOUT                      ; work         ;
;       |registradoresR:RegG|               ; 2 (2)             ; 1 (1)        ; 0           ; 0            ; 0       ; 0         ; 0    ; 0            ; |moduloTeste|ProcessadorMulticiclo:processador|registradoresR:RegG                         ; work         ;
;    |decodificador:Display0_DIN|           ; 7 (7)             ; 0 (0)        ; 0           ; 0            ; 0       ; 0         ; 0    ; 0            ; |moduloTeste|decodificador:Display0_DIN                                                    ; work         ;
;    |decodificador:Display1_DIN|           ; 7 (7)             ; 0 (0)        ; 0           ; 0            ; 0       ; 0         ; 0    ; 0            ; |moduloTeste|decodificador:Display1_DIN                                                    ; work         ;
;    |decodificador:Display2_DIN|           ; 7 (7)             ; 0 (0)        ; 0           ; 0            ; 0       ; 0         ; 0    ; 0            ; |moduloTeste|decodificador:Display2_DIN                                                    ; work         ;
;    |decodificador:Display3_DIN|           ; 7 (7)             ; 0 (0)        ; 0           ; 0            ; 0       ; 0         ; 0    ; 0            ; |moduloTeste|decodificador:Display3_DIN                                                    ; work         ;
;    |decodificador:Display4_AddressOut|    ; 7 (7)             ; 0 (0)        ; 0           ; 0            ; 0       ; 0         ; 0    ; 0            ; |moduloTeste|decodificador:Display4_AddressOut                                             ; work         ;
;    |decodificador:Display5_AddressOut|    ; 7 (7)             ; 0 (0)        ; 0           ; 0            ; 0       ; 0         ; 0    ; 0            ; |moduloTeste|decodificador:Display5_AddressOut                                             ; work         ;
;    |decodificador:Display6_Tstep_Q|       ; 7 (7)             ; 0 (0)        ; 0           ; 0            ; 0       ; 0         ; 0    ; 0            ; |moduloTeste|decodificador:Display6_Tstep_Q                                                ; work         ;
;    |decodificador:Display7_BusWires|      ; 7 (7)             ; 0 (0)        ; 0           ; 0            ; 0       ; 0         ; 0    ; 0            ; |moduloTeste|decodificador:Display7_BusWires                                               ; work         ;
+-------------------------------------------+-------------------+--------------+-------------+--------------+---------+-----------+------+--------------+--------------------------------------------------------------------------------------------+--------------+
Note: For table entries with two numbers listed, the numbers in parentheses indicate the number of resources of the given type used by the specific entity alone. The numbers listed outside of parentheses indicate the total resources of the given type used by the specific entity and all of its sub-entities in the hierarchy.


+---------------------------------------------------------------------------------------------------------------------------------------------------------------------------------------------------------+
; Analysis & Synthesis RAM Summary                                                                                                                                                                        ;
+------------------------------------------------------------------------------------------+------+-------------+--------------+--------------+--------------+--------------+------+----------------------+
; Name                                                                                     ; Type ; Mode        ; Port A Depth ; Port A Width ; Port B Depth ; Port B Width ; Size ; MIF                  ;
+------------------------------------------------------------------------------------------+------+-------------+--------------+--------------+--------------+--------------+------+----------------------+
; MemLPM:memoria|altsyncram:altsyncram_component|altsyncram_9pf1:auto_generated|ALTSYNCRAM ; M4K  ; Single Port ; 32           ; 16           ; --           ; --           ; 512  ; memInicializacao.mif ;
+------------------------------------------------------------------------------------------+------+-------------+--------------+--------------+--------------+--------------+------+----------------------+


+---------------------------------------------------------------------------------------------------------------------------------------------------------------------------------------------------------------------------+
; Analysis & Synthesis IP Cores Summary                                                                                                                                                                                     ;
+--------+--------------+---------+--------------+--------------+-----------------------------+-----------------------------------------------------------------------------------------------------------------------------+
; Vendor ; IP Core Name ; Version ; Release Date ; License Type ; Entity Instance             ; IP Include File                                                                                                             ;
+--------+--------------+---------+--------------+--------------+-----------------------------+-----------------------------------------------------------------------------------------------------------------------------+
; Altera ; RAM: 1-PORT  ; 13.0    ; N/A          ; N/A          ; |moduloTeste|MemLPM:memoria ; E:/Documentos/CEFET/OneDrive/2023-2/2ECOM028_LAB-ARQUITETURA-ORGANIZACAO-DE-COMPUTADORES-II_T02_6T34/P02/Part1rev0/MemLPM.v ;
+--------+--------------+---------+--------------+--------------+-----------------------------+-----------------------------------------------------------------------------------------------------------------------------+


+-------------------------------------------------------------------------------------------------------------------------------------------+
; User-Specified and Inferred Latches                                                                                                       ;
+-----------------------------------------------------------+------------------------------------------------------+------------------------+
; Latch Name                                                ; Latch Enable Signal                                  ; Free of Timing Hazards ;
+-----------------------------------------------------------+------------------------------------------------------+------------------------+
; ProcessadorMulticiclo:processador|mux:MUX|MUXOut[0]       ; ProcessadorMulticiclo:processador|mux:MUX|MUXOut[15] ; yes                    ;
; ProcessadorMulticiclo:processador|mux:MUX|MUXOut[1]       ; ProcessadorMulticiclo:processador|mux:MUX|MUXOut[15] ; yes                    ;
; ProcessadorMulticiclo:processador|mux:MUX|MUXOut[2]       ; ProcessadorMulticiclo:processador|mux:MUX|MUXOut[15] ; yes                    ;
; ProcessadorMulticiclo:processador|mux:MUX|MUXOut[3]       ; ProcessadorMulticiclo:processador|mux:MUX|MUXOut[15] ; yes                    ;
; ProcessadorMulticiclo:processador|mux:MUX|MUXOut[4]       ; ProcessadorMulticiclo:processador|mux:MUX|MUXOut[15] ; yes                    ;
; ProcessadorMulticiclo:processador|mux:MUX|MUXOut[5]       ; ProcessadorMulticiclo:processador|mux:MUX|MUXOut[15] ; yes                    ;
; ProcessadorMulticiclo:processador|mux:MUX|MUXOut[6]       ; ProcessadorMulticiclo:processador|mux:MUX|MUXOut[15] ; yes                    ;
; ProcessadorMulticiclo:processador|mux:MUX|MUXOut[7]       ; ProcessadorMulticiclo:processador|mux:MUX|MUXOut[15] ; yes                    ;
; ProcessadorMulticiclo:processador|mux:MUX|MUXOut[8]       ; ProcessadorMulticiclo:processador|mux:MUX|MUXOut[15] ; yes                    ;
; ProcessadorMulticiclo:processador|mux:MUX|MUXOut[9]       ; ProcessadorMulticiclo:processador|mux:MUX|MUXOut[15] ; yes                    ;
; ProcessadorMulticiclo:processador|mux:MUX|MUXOut[10]      ; ProcessadorMulticiclo:processador|mux:MUX|MUXOut[15] ; yes                    ;
; ProcessadorMulticiclo:processador|mux:MUX|MUXOut[11]      ; ProcessadorMulticiclo:processador|mux:MUX|MUXOut[15] ; yes                    ;
; ProcessadorMulticiclo:processador|mux:MUX|MUXOut[12]      ; ProcessadorMulticiclo:processador|mux:MUX|MUXOut[15] ; yes                    ;
; ProcessadorMulticiclo:processador|mux:MUX|MUXOut[13]      ; ProcessadorMulticiclo:processador|mux:MUX|MUXOut[15] ; yes                    ;
; ProcessadorMulticiclo:processador|mux:MUX|MUXOut[14]      ; ProcessadorMulticiclo:processador|mux:MUX|MUXOut[15] ; yes                    ;
; ProcessadorMulticiclo:processador|mux:MUX|MUXOut[15]      ; ProcessadorMulticiclo:processador|mux:MUX|MUXOut[15] ; yes                    ;
; ProcessadorMulticiclo:processador|ULA:ula|ResultadoULA[0] ; ProcessadorMulticiclo:processador|WideOr27           ; yes                    ;
; Number of user-specified and inferred latches = 17        ;                                                      ;                        ;
+-----------------------------------------------------------+------------------------------------------------------+------------------------+
Note: All latches listed above may not be present at the end of synthesis due to various synthesis optimizations.


+---------------------------------------------------------------------------------------------------------+
; Registers Removed During Synthesis                                                                      ;
+----------------------------------------------------------------+----------------------------------------+
; Register name                                                  ; Reason for Removal                     ;
+----------------------------------------------------------------+----------------------------------------+
; ProcessadorMulticiclo:processador|registradoresR:RegG|Q[1..15] ; Stuck at GND due to stuck port data_in ;
; Total Number of Removed Registers = 15                         ;                                        ;
+----------------------------------------------------------------+----------------------------------------+


+------------------------------------------------------+
; General Register Statistics                          ;
+----------------------------------------------+-------+
; Statistic                                    ; Value ;
+----------------------------------------------+-------+
; Total registers                              ; 182   ;
; Number of registers using Synchronous Clear  ; 0     ;
; Number of registers using Synchronous Load   ; 0     ;
; Number of registers using Asynchronous Clear ; 0     ;
; Number of registers using Asynchronous Load  ; 0     ;
; Number of registers using Clock Enable       ; 178   ;
; Number of registers using Preset             ; 0     ;
+----------------------------------------------+-------+


+------------------------------------------------------------------------------------------------------------------------------------------------------------------------------------+
; Multiplexer Restructuring Statistics (Restructuring Performed)                                                                                                                     ;
+--------------------+-----------+---------------+----------------------+------------------------+------------+----------------------------------------------------------------------+
; Multiplexer Inputs ; Bus Width ; Baseline Area ; Area if Restructured ; Saving if Restructured ; Registered ; Example Multiplexer Output                                           ;
+--------------------+-----------+---------------+----------------------+------------------------+------------+----------------------------------------------------------------------+
; 4:1                ; 16 bits   ; 32 LEs        ; 32 LEs               ; 0 LEs                  ; Yes        ; |moduloTeste|ProcessadorMulticiclo:processador|contadoresR:Reg7|Q[1] ;
; 10:1               ; 15 bits   ; 90 LEs        ; 90 LEs               ; 0 LEs                  ; No         ; |moduloTeste|ProcessadorMulticiclo:processador|mux:MUX|MUXOut[7]     ;
; 16:1               ; 8 bits    ; 80 LEs        ; 16 LEs               ; 64 LEs                 ; No         ; |moduloTeste|ProcessadorMulticiclo:processador|Mux13                 ;
; 19:1               ; 7 bits    ; 84 LEs        ; 28 LEs               ; 56 LEs                 ; No         ; |moduloTeste|ProcessadorMulticiclo:processador|Mux19                 ;
+--------------------+-----------+---------------+----------------------+------------------------+------------+----------------------------------------------------------------------+


+------------------------------------------------------------------------------------------------------+
; Source assignments for MemLPM:memoria|altsyncram:altsyncram_component|altsyncram_9pf1:auto_generated ;
+---------------------------------+--------------------+------+----------------------------------------+
; Assignment                      ; Value              ; From ; To                                     ;
+---------------------------------+--------------------+------+----------------------------------------+
; OPTIMIZE_POWER_DURING_SYNTHESIS ; NORMAL_COMPILATION ; -    ; -                                      ;
+---------------------------------+--------------------+------+----------------------------------------+


+--------------------------------------------------------------------------------+
; Parameter Settings for User Entity Instance: ProcessadorMulticiclo:processador ;
+----------------+-------+-------------------------------------------------------+
; Parameter Name ; Value ; Type                                                  ;
+----------------+-------+-------------------------------------------------------+
; ld             ; 0000  ; Unsigned Binary                                       ;
; st             ; 0001  ; Unsigned Binary                                       ;
; mvnz           ; 0010  ; Unsigned Binary                                       ;
; mv             ; 0011  ; Unsigned Binary                                       ;
; mvi            ; 0100  ; Unsigned Binary                                       ;
; add            ; 0101  ; Unsigned Binary                                       ;
; sub            ; 0110  ; Unsigned Binary                                       ;
; OR             ; 0111  ; Unsigned Binary                                       ;
; slt            ; 1000  ; Unsigned Binary                                       ;
; sll            ; 1001  ; Unsigned Binary                                       ;
; slr            ; 1010  ; Unsigned Binary                                       ;
+----------------+-------+-------------------------------------------------------+
Note: In order to hide this table in the UI and the text report file, please set the "Show Parameter Settings in Synthesis Report" option in "Analysis and Synthesis Settings -> More Settings" to "Off".


+----------------------------------------------------------------------------------------------------+
; Parameter Settings for User Entity Instance: ProcessadorMulticiclo:processador|registradoresR:Reg0 ;
+----------------+-------+---------------------------------------------------------------------------+
; Parameter Name ; Value ; Type                                                                      ;
+----------------+-------+---------------------------------------------------------------------------+
; n              ; 16    ; Signed Integer                                                            ;
+----------------+-------+---------------------------------------------------------------------------+
Note: In order to hide this table in the UI and the text report file, please set the "Show Parameter Settings in Synthesis Report" option in "Analysis and Synthesis Settings -> More Settings" to "Off".


+----------------------------------------------------------------------------------------------------+
; Parameter Settings for User Entity Instance: ProcessadorMulticiclo:processador|registradoresR:Reg1 ;
+----------------+-------+---------------------------------------------------------------------------+
; Parameter Name ; Value ; Type                                                                      ;
+----------------+-------+---------------------------------------------------------------------------+
; n              ; 16    ; Signed Integer                                                            ;
+----------------+-------+---------------------------------------------------------------------------+
Note: In order to hide this table in the UI and the text report file, please set the "Show Parameter Settings in Synthesis Report" option in "Analysis and Synthesis Settings -> More Settings" to "Off".


+----------------------------------------------------------------------------------------------------+
; Parameter Settings for User Entity Instance: ProcessadorMulticiclo:processador|registradoresR:Reg2 ;
+----------------+-------+---------------------------------------------------------------------------+
; Parameter Name ; Value ; Type                                                                      ;
+----------------+-------+---------------------------------------------------------------------------+
; n              ; 16    ; Signed Integer                                                            ;
+----------------+-------+---------------------------------------------------------------------------+
Note: In order to hide this table in the UI and the text report file, please set the "Show Parameter Settings in Synthesis Report" option in "Analysis and Synthesis Settings -> More Settings" to "Off".


+----------------------------------------------------------------------------------------------------+
; Parameter Settings for User Entity Instance: ProcessadorMulticiclo:processador|registradoresR:Reg3 ;
+----------------+-------+---------------------------------------------------------------------------+
; Parameter Name ; Value ; Type                                                                      ;
+----------------+-------+---------------------------------------------------------------------------+
; n              ; 16    ; Signed Integer                                                            ;
+----------------+-------+---------------------------------------------------------------------------+
Note: In order to hide this table in the UI and the text report file, please set the "Show Parameter Settings in Synthesis Report" option in "Analysis and Synthesis Settings -> More Settings" to "Off".


+----------------------------------------------------------------------------------------------------+
; Parameter Settings for User Entity Instance: ProcessadorMulticiclo:processador|registradoresR:Reg4 ;
+----------------+-------+---------------------------------------------------------------------------+
; Parameter Name ; Value ; Type                                                                      ;
+----------------+-------+---------------------------------------------------------------------------+
; n              ; 16    ; Signed Integer                                                            ;
+----------------+-------+---------------------------------------------------------------------------+
Note: In order to hide this table in the UI and the text report file, please set the "Show Parameter Settings in Synthesis Report" option in "Analysis and Synthesis Settings -> More Settings" to "Off".


+----------------------------------------------------------------------------------------------------+
; Parameter Settings for User Entity Instance: ProcessadorMulticiclo:processador|registradoresR:Reg5 ;
+----------------+-------+---------------------------------------------------------------------------+
; Parameter Name ; Value ; Type                                                                      ;
+----------------+-------+---------------------------------------------------------------------------+
; n              ; 16    ; Signed Integer                                                            ;
+----------------+-------+---------------------------------------------------------------------------+
Note: In order to hide this table in the UI and the text report file, please set the "Show Parameter Settings in Synthesis Report" option in "Analysis and Synthesis Settings -> More Settings" to "Off".


+----------------------------------------------------------------------------------------------------+
; Parameter Settings for User Entity Instance: ProcessadorMulticiclo:processador|registradoresR:Reg6 ;
+----------------+-------+---------------------------------------------------------------------------+
; Parameter Name ; Value ; Type                                                                      ;
+----------------+-------+---------------------------------------------------------------------------+
; n              ; 16    ; Signed Integer                                                            ;
+----------------+-------+---------------------------------------------------------------------------+
Note: In order to hide this table in the UI and the text report file, please set the "Show Parameter Settings in Synthesis Report" option in "Analysis and Synthesis Settings -> More Settings" to "Off".


+----------------------------------------------------------------------------------------------------+
; Parameter Settings for User Entity Instance: ProcessadorMulticiclo:processador|registradoresR:RegA ;
+----------------+-------+---------------------------------------------------------------------------+
; Parameter Name ; Value ; Type                                                                      ;
+----------------+-------+---------------------------------------------------------------------------+
; n              ; 16    ; Signed Integer                                                            ;
+----------------+-------+---------------------------------------------------------------------------+
Note: In order to hide this table in the UI and the text report file, please set the "Show Parameter Settings in Synthesis Report" option in "Analysis and Synthesis Settings -> More Settings" to "Off".


+----------------------------------------------------------------------------------------------------+
; Parameter Settings for User Entity Instance: ProcessadorMulticiclo:processador|registradoresR:RegG ;
+----------------+-------+---------------------------------------------------------------------------+
; Parameter Name ; Value ; Type                                                                      ;
+----------------+-------+---------------------------------------------------------------------------+
; n              ; 16    ; Signed Integer                                                            ;
+----------------+-------+---------------------------------------------------------------------------+
Note: In order to hide this table in the UI and the text report file, please set the "Show Parameter Settings in Synthesis Report" option in "Analysis and Synthesis Settings -> More Settings" to "Off".


+--------------------------------------------------------------------------------------------------------+
; Parameter Settings for User Entity Instance: ProcessadorMulticiclo:processador|registradoresR:RegADOut ;
+----------------+-------+-------------------------------------------------------------------------------+
; Parameter Name ; Value ; Type                                                                          ;
+----------------+-------+-------------------------------------------------------------------------------+
; n              ; 16    ; Signed Integer                                                                ;
+----------------+-------+-------------------------------------------------------------------------------+
Note: In order to hide this table in the UI and the text report file, please set the "Show Parameter Settings in Synthesis Report" option in "Analysis and Synthesis Settings -> More Settings" to "Off".


+-------------------------------------------------------------------------------------------------------+
; Parameter Settings for User Entity Instance: ProcessadorMulticiclo:processador|registradoresR:RegDOUT ;
+----------------+-------+------------------------------------------------------------------------------+
; Parameter Name ; Value ; Type                                                                         ;
+----------------+-------+------------------------------------------------------------------------------+
; n              ; 16    ; Signed Integer                                                               ;
+----------------+-------+------------------------------------------------------------------------------+
Note: In order to hide this table in the UI and the text report file, please set the "Show Parameter Settings in Synthesis Report" option in "Analysis and Synthesis Settings -> More Settings" to "Off".


+-------------------------------------------------------------------------------------------------+
; Parameter Settings for User Entity Instance: ProcessadorMulticiclo:processador|contadoresR:Reg7 ;
+----------------+-------+------------------------------------------------------------------------+
; Parameter Name ; Value ; Type                                                                   ;
+----------------+-------+------------------------------------------------------------------------+
; n              ; 16    ; Signed Integer                                                         ;
+----------------+-------+------------------------------------------------------------------------+
Note: In order to hide this table in the UI and the text report file, please set the "Show Parameter Settings in Synthesis Report" option in "Analysis and Synthesis Settings -> More Settings" to "Off".


+----------------------------------------------------------------------------------------------------+
; Parameter Settings for User Entity Instance: ProcessadorMulticiclo:processador|registradoresI:RegI ;
+----------------+-------+---------------------------------------------------------------------------+
; Parameter Name ; Value ; Type                                                                      ;
+----------------+-------+---------------------------------------------------------------------------+
; n              ; 10    ; Signed Integer                                                            ;
+----------------+-------+---------------------------------------------------------------------------+
Note: In order to hide this table in the UI and the text report file, please set the "Show Parameter Settings in Synthesis Report" option in "Analysis and Synthesis Settings -> More Settings" to "Off".


+----------------------------------------------------------------------------------------+
; Parameter Settings for User Entity Instance: ProcessadorMulticiclo:processador|ULA:ula ;
+----------------+-------+---------------------------------------------------------------+
; Parameter Name ; Value ; Type                                                          ;
+----------------+-------+---------------------------------------------------------------+
; ld             ; 0000  ; Unsigned Binary                                               ;
; st             ; 0001  ; Unsigned Binary                                               ;
; mvnz           ; 0010  ; Unsigned Binary                                               ;
; mv             ; 0011  ; Unsigned Binary                                               ;
; mvi            ; 0100  ; Unsigned Binary                                               ;
; add            ; 0101  ; Unsigned Binary                                               ;
; sub            ; 0110  ; Unsigned Binary                                               ;
; OR             ; 0111  ; Unsigned Binary                                               ;
; slt            ; 1000  ; Unsigned Binary                                               ;
; sll            ; 1001  ; Unsigned Binary                                               ;
; slr            ; 1010  ; Unsigned Binary                                               ;
+----------------+-------+---------------------------------------------------------------+
Note: In order to hide this table in the UI and the text report file, please set the "Show Parameter Settings in Synthesis Report" option in "Analysis and Synthesis Settings -> More Settings" to "Off".


+---------------------------------------------------------------------------------------------+
; Parameter Settings for User Entity Instance: MemLPM:memoria|altsyncram:altsyncram_component ;
+------------------------------------+----------------------+---------------------------------+
; Parameter Name                     ; Value                ; Type                            ;
+------------------------------------+----------------------+---------------------------------+
; BYTE_SIZE_BLOCK                    ; 8                    ; Untyped                         ;
; AUTO_CARRY_CHAINS                  ; ON                   ; AUTO_CARRY                      ;
; IGNORE_CARRY_BUFFERS               ; OFF                  ; IGNORE_CARRY                    ;
; AUTO_CASCADE_CHAINS                ; ON                   ; AUTO_CASCADE                    ;
; IGNORE_CASCADE_BUFFERS             ; OFF                  ; IGNORE_CASCADE                  ;
; WIDTH_BYTEENA                      ; 1                    ; Untyped                         ;
; OPERATION_MODE                     ; SINGLE_PORT          ; Untyped                         ;
; WIDTH_A                            ; 16                   ; Signed Integer                  ;
; WIDTHAD_A                          ; 5                    ; Signed Integer                  ;
; NUMWORDS_A                         ; 32                   ; Signed Integer                  ;
; OUTDATA_REG_A                      ; UNREGISTERED         ; Untyped                         ;
; ADDRESS_ACLR_A                     ; NONE                 ; Untyped                         ;
; OUTDATA_ACLR_A                     ; NONE                 ; Untyped                         ;
; WRCONTROL_ACLR_A                   ; NONE                 ; Untyped                         ;
; INDATA_ACLR_A                      ; NONE                 ; Untyped                         ;
; BYTEENA_ACLR_A                     ; NONE                 ; Untyped                         ;
; WIDTH_B                            ; 1                    ; Untyped                         ;
; WIDTHAD_B                          ; 1                    ; Untyped                         ;
; NUMWORDS_B                         ; 1                    ; Untyped                         ;
; INDATA_REG_B                       ; CLOCK1               ; Untyped                         ;
; WRCONTROL_WRADDRESS_REG_B          ; CLOCK1               ; Untyped                         ;
; RDCONTROL_REG_B                    ; CLOCK1               ; Untyped                         ;
; ADDRESS_REG_B                      ; CLOCK1               ; Untyped                         ;
; OUTDATA_REG_B                      ; UNREGISTERED         ; Untyped                         ;
; BYTEENA_REG_B                      ; CLOCK1               ; Untyped                         ;
; INDATA_ACLR_B                      ; NONE                 ; Untyped                         ;
; WRCONTROL_ACLR_B                   ; NONE                 ; Untyped                         ;
; ADDRESS_ACLR_B                     ; NONE                 ; Untyped                         ;
; OUTDATA_ACLR_B                     ; NONE                 ; Untyped                         ;
; RDCONTROL_ACLR_B                   ; NONE                 ; Untyped                         ;
; BYTEENA_ACLR_B                     ; NONE                 ; Untyped                         ;
; WIDTH_BYTEENA_A                    ; 1                    ; Signed Integer                  ;
; WIDTH_BYTEENA_B                    ; 1                    ; Untyped                         ;
; RAM_BLOCK_TYPE                     ; M4K                  ; Untyped                         ;
; BYTE_SIZE                          ; 8                    ; Untyped                         ;
; READ_DURING_WRITE_MODE_MIXED_PORTS ; DONT_CARE            ; Untyped                         ;
; READ_DURING_WRITE_MODE_PORT_A      ; NEW_DATA_NO_NBE_READ ; Untyped                         ;
; READ_DURING_WRITE_MODE_PORT_B      ; NEW_DATA_NO_NBE_READ ; Untyped                         ;
; INIT_FILE                          ; memInicializacao.mif ; Untyped                         ;
; INIT_FILE_LAYOUT                   ; PORT_A               ; Untyped                         ;
; MAXIMUM_DEPTH                      ; 0                    ; Untyped                         ;
; CLOCK_ENABLE_INPUT_A               ; BYPASS               ; Untyped                         ;
; CLOCK_ENABLE_INPUT_B               ; NORMAL               ; Untyped                         ;
; CLOCK_ENABLE_OUTPUT_A              ; BYPASS               ; Untyped                         ;
; CLOCK_ENABLE_OUTPUT_B              ; NORMAL               ; Untyped                         ;
; CLOCK_ENABLE_CORE_A                ; USE_INPUT_CLKEN      ; Untyped                         ;
; CLOCK_ENABLE_CORE_B                ; USE_INPUT_CLKEN      ; Untyped                         ;
; ENABLE_ECC                         ; FALSE                ; Untyped                         ;
; ECC_PIPELINE_STAGE_ENABLED         ; FALSE                ; Untyped                         ;
; WIDTH_ECCSTATUS                    ; 3                    ; Untyped                         ;
; DEVICE_FAMILY                      ; Cyclone II           ; Untyped                         ;
; CBXI_PARAMETER                     ; altsyncram_9pf1      ; Untyped                         ;
+------------------------------------+----------------------+---------------------------------+
Note: In order to hide this table in the UI and the text report file, please set the "Show Parameter Settings in Synthesis Report" option in "Analysis and Synthesis Settings -> More Settings" to "Off".


+--------------------------------------------------------------------------------------------+
; altsyncram Parameter Settings by Entity Instance                                           ;
+-------------------------------------------+------------------------------------------------+
; Name                                      ; Value                                          ;
+-------------------------------------------+------------------------------------------------+
; Number of entity instances                ; 1                                              ;
; Entity Instance                           ; MemLPM:memoria|altsyncram:altsyncram_component ;
;     -- OPERATION_MODE                     ; SINGLE_PORT                                    ;
;     -- WIDTH_A                            ; 16                                             ;
;     -- NUMWORDS_A                         ; 32                                             ;
;     -- OUTDATA_REG_A                      ; UNREGISTERED                                   ;
;     -- WIDTH_B                            ; 1                                              ;
;     -- NUMWORDS_B                         ; 1                                              ;
;     -- ADDRESS_REG_B                      ; CLOCK1                                         ;
;     -- OUTDATA_REG_B                      ; UNREGISTERED                                   ;
;     -- RAM_BLOCK_TYPE                     ; M4K                                            ;
;     -- READ_DURING_WRITE_MODE_MIXED_PORTS ; DONT_CARE                                      ;
+-------------------------------------------+------------------------------------------------+


+------------------------------------------------------------+
; Port Connectivity Checks: "decodificador:Display6_Tstep_Q" ;
+-------+-------+----------+---------------------------------+
; Port  ; Type  ; Severity ; Details                         ;
+-------+-------+----------+---------------------------------+
; SW[3] ; Input ; Info     ; Stuck at GND                    ;
+-------+-------+----------+---------------------------------+


+----------------------------------------------------------------------------------------------------------------------------------------------------------------------+
; Port Connectivity Checks: "ProcessadorMulticiclo:processador|ULA:ula"                                                                                                ;
+--------------+--------+----------+-----------------------------------------------------------------------------------------------------------------------------------+
; Port         ; Type   ; Severity ; Details                                                                                                                           ;
+--------------+--------+----------+-----------------------------------------------------------------------------------------------------------------------------------+
; ResultadoULA ; Output ; Warning  ; Output or bidir port (16 bits) is wider than the port expression (1 bits) it drives; bit(s) "ResultadoULA[15..1]" have no fanouts ;
+--------------+--------+----------+-----------------------------------------------------------------------------------------------------------------------------------+


+-----------------------------------------------------------------------------------------------------------------------------------------------------------------------+
; Port Connectivity Checks: "ProcessadorMulticiclo:processador|registradoresR:RegG"                                                                                     ;
+------+-------+----------+---------------------------------------------------------------------------------------------------------------------------------------------+
; Port ; Type  ; Severity ; Details                                                                                                                                     ;
+------+-------+----------+---------------------------------------------------------------------------------------------------------------------------------------------+
; R    ; Input ; Warning  ; Input port expression (1 bits) is smaller than the input port (16 bits) it drives.  Extra input bit(s) "R[15..1]" will be connected to GND. ;
+------+-------+----------+---------------------------------------------------------------------------------------------------------------------------------------------+


+----------------------------------------------------------------------------+
; Port Connectivity Checks: "ProcessadorMulticiclo:processador|dec3to8:RegY" ;
+------+-------+----------+--------------------------------------------------+
; Port ; Type  ; Severity ; Details                                          ;
+------+-------+----------+--------------------------------------------------+
; En   ; Input ; Info     ; Stuck at VCC                                     ;
+------+-------+----------+--------------------------------------------------+


+----------------------------------------------------------------------------+
; Port Connectivity Checks: "ProcessadorMulticiclo:processador|dec3to8:RegX" ;
+------+-------+----------+--------------------------------------------------+
; Port ; Type  ; Severity ; Details                                          ;
+------+-------+----------+--------------------------------------------------+
; En   ; Input ; Info     ; Stuck at VCC                                     ;
+------+-------+----------+--------------------------------------------------+


+-----------------------------------------------------------------------------------------------------------------------------+
; Port Connectivity Checks: "ProcessadorMulticiclo:processador"                                                               ;
+-------------------+--------+----------+-------------------------------------------------------------------------------------+
; Port              ; Type   ; Severity ; Details                                                                             ;
+-------------------+--------+----------+-------------------------------------------------------------------------------------+
; AddressOut[15..8] ; Output ; Info     ; Connected to dangling logic. Logic that only feeds a dangling port will be removed. ;
+-------------------+--------+----------+-------------------------------------------------------------------------------------+


+-------------------------------+
; Elapsed Time Per Partition    ;
+----------------+--------------+
; Partition Name ; Elapsed Time ;
+----------------+--------------+
; Top            ; 00:00:02     ;
+----------------+--------------+


+-------------------------------+
; Analysis & Synthesis Messages ;
+-------------------------------+
Info: *******************************************************************
Info: Running Quartus II 64-Bit Analysis & Synthesis
    Info: Version 13.0.1 Build 232 06/12/2013 Service Pack 1 SJ Web Edition
    Info: Processing started: Fri Sep 29 15:25:00 2023
Info: Command: quartus_map --read_settings_files=on --write_settings_files=off ProcessadorMulticiclo -c ProcessadorMulticiclo
Warning (20028): Parallel compilation is not licensed and has been disabled
Info (12021): Found 1 design units, including 1 entities, in source file processadormulticiclo.v
    Info (12023): Found entity 1: ProcessadorMulticiclo
Info (12021): Found 1 design units, including 1 entities, in source file decodificador.v
    Info (12023): Found entity 1: decodificador
Info (12021): Found 1 design units, including 1 entities, in source file registradoresr.v
    Info (12023): Found entity 1: registradoresR
Info (12021): Found 1 design units, including 1 entities, in source file contadoresr.v
    Info (12023): Found entity 1: contadoresR
Info (12021): Found 1 design units, including 1 entities, in source file registradoresi.v
    Info (12023): Found entity 1: registradoresI
Info (12021): Found 1 design units, including 1 entities, in source file counter.v
    Info (12023): Found entity 1: counter
Info (12021): Found 1 design units, including 1 entities, in source file ula.v
    Info (12023): Found entity 1: ULA
Warning (12090): Entity "mux" obtained from "mux.v" instead of from Quartus II megafunction library
Info (12021): Found 1 design units, including 1 entities, in source file mux.v
    Info (12023): Found entity 1: mux
Info (12021): Found 1 design units, including 1 entities, in source file moduloteste.v
    Info (12023): Found entity 1: moduloTeste
Info (12021): Found 1 design units, including 1 entities, in source file memlpm.v
    Info (12023): Found entity 1: MemLPM
Info (12021): Found 1 design units, including 1 entities, in source file dec3to8.v
    Info (12023): Found entity 1: dec3to8
Info (12127): Elaborating entity "moduloTeste" for the top level hierarchy
Warning (10034): Output port "LEDR[16]" at moduloTeste.v(22) has no driver
Warning (10034): Output port "LEDG[8..1]" at moduloTeste.v(27) has no driver
Info (12128): Elaborating entity "ProcessadorMulticiclo" for hierarchy "ProcessadorMulticiclo:processador"
Warning (10235): Verilog HDL Always Construct warning at ProcessadorMulticiclo.v(119): variable "G" is read inside the Always Construct but isn't in the Always Construct's Event Control
Warning (10270): Verilog HDL Case Statement warning at ProcessadorMulticiclo.v(107): incomplete case statement has no default case item
Warning (10270): Verilog HDL Case Statement warning at ProcessadorMulticiclo.v(147): incomplete case statement has no default case item
Warning (10270): Verilog HDL Case Statement warning at ProcessadorMulticiclo.v(169): incomplete case statement has no default case item
Warning (10270): Verilog HDL Case Statement warning at ProcessadorMulticiclo.v(191): incomplete case statement has no default case item
Warning (10270): Verilog HDL Case Statement warning at ProcessadorMulticiclo.v(97): incomplete case statement has no default case item
Info (12128): Elaborating entity "counter" for hierarchy "ProcessadorMulticiclo:processador|counter:Tstep"
Info (12128): Elaborating entity "dec3to8" for hierarchy "ProcessadorMulticiclo:processador|dec3to8:RegX"
Info (12128): Elaborating entity "registradoresR" for hierarchy "ProcessadorMulticiclo:processador|registradoresR:Reg0"
Info (12128): Elaborating entity "contadoresR" for hierarchy "ProcessadorMulticiclo:processador|contadoresR:Reg7"
Info (12128): Elaborating entity "registradoresI" for hierarchy "ProcessadorMulticiclo:processador|registradoresI:RegI"
Info (12128): Elaborating entity "ULA" for hierarchy "ProcessadorMulticiclo:processador|ULA:ula"
Warning (10270): Verilog HDL Case Statement warning at ULA.v(25): incomplete case statement has no default case item
Warning (10240): Verilog HDL Always Construct warning at ULA.v(24): inferring latch(es) for variable "ResultadoULA", which holds its previous value in one or more paths through the always construct
Info (10041): Inferred latch for "ResultadoULA[0]" at ULA.v(24)
Info (10041): Inferred latch for "ResultadoULA[1]" at ULA.v(24)
Info (10041): Inferred latch for "ResultadoULA[2]" at ULA.v(24)
Info (10041): Inferred latch for "ResultadoULA[3]" at ULA.v(24)
Info (10041): Inferred latch for "ResultadoULA[4]" at ULA.v(24)
Info (10041): Inferred latch for "ResultadoULA[5]" at ULA.v(24)
Info (10041): Inferred latch for "ResultadoULA[6]" at ULA.v(24)
Info (10041): Inferred latch for "ResultadoULA[7]" at ULA.v(24)
Info (10041): Inferred latch for "ResultadoULA[8]" at ULA.v(24)
Info (10041): Inferred latch for "ResultadoULA[9]" at ULA.v(24)
Info (10041): Inferred latch for "ResultadoULA[10]" at ULA.v(24)
Info (10041): Inferred latch for "ResultadoULA[11]" at ULA.v(24)
Info (10041): Inferred latch for "ResultadoULA[12]" at ULA.v(24)
Info (10041): Inferred latch for "ResultadoULA[13]" at ULA.v(24)
Info (10041): Inferred latch for "ResultadoULA[14]" at ULA.v(24)
Info (10041): Inferred latch for "ResultadoULA[15]" at ULA.v(24)
Info (12128): Elaborating entity "mux" for hierarchy "ProcessadorMulticiclo:processador|mux:MUX"
Warning (10235): Verilog HDL Always Construct warning at mux.v(14): variable "DIN" is read inside the Always Construct but isn't in the Always Construct's Event Control
Warning (10235): Verilog HDL Always Construct warning at mux.v(15): variable "G" is read inside the Always Construct but isn't in the Always Construct's Event Control
Warning (10235): Verilog HDL Always Construct warning at mux.v(18): variable "R0" is read inside the Always Construct but isn't in the Always Construct's Event Control
Warning (10235): Verilog HDL Always Construct warning at mux.v(19): variable "R1" is read inside the Always Construct but isn't in the Always Construct's Event Control
Warning (10235): Verilog HDL Always Construct warning at mux.v(20): variable "R2" is read inside the Always Construct but isn't in the Always Construct's Event Control
Warning (10235): Verilog HDL Always Construct warning at mux.v(21): variable "R3" is read inside the Always Construct but isn't in the Always Construct's Event Control
Warning (10235): Verilog HDL Always Construct warning at mux.v(22): variable "R4" is read inside the Always Construct but isn't in the Always Construct's Event Control
Warning (10235): Verilog HDL Always Construct warning at mux.v(23): variable "R5" is read inside the Always Construct but isn't in the Always Construct's Event Control
Warning (10235): Verilog HDL Always Construct warning at mux.v(24): variable "R6" is read inside the Always Construct but isn't in the Always Construct's Event Control
Warning (10235): Verilog HDL Always Construct warning at mux.v(25): variable "R7" is read inside the Always Construct but isn't in the Always Construct's Event Control
Warning (10270): Verilog HDL Case Statement warning at mux.v(17): incomplete case statement has no default case item
Info (10264): Verilog HDL Case Statement information at mux.v(17): all case item expressions in this case statement are onehot
Warning (10240): Verilog HDL Always Construct warning at mux.v(13): inferring latch(es) for variable "MUXOut", which holds its previous value in one or more paths through the always construct
Info (10041): Inferred latch for "MUXOut[0]" at mux.v(15)
Info (10041): Inferred latch for "MUXOut[1]" at mux.v(15)
Info (10041): Inferred latch for "MUXOut[2]" at mux.v(15)
Info (10041): Inferred latch for "MUXOut[3]" at mux.v(15)
Info (10041): Inferred latch for "MUXOut[4]" at mux.v(15)
Info (10041): Inferred latch for "MUXOut[5]" at mux.v(15)
Info (10041): Inferred latch for "MUXOut[6]" at mux.v(15)
Info (10041): Inferred latch for "MUXOut[7]" at mux.v(15)
Info (10041): Inferred latch for "MUXOut[8]" at mux.v(15)
Info (10041): Inferred latch for "MUXOut[9]" at mux.v(15)
Info (10041): Inferred latch for "MUXOut[10]" at mux.v(15)
Info (10041): Inferred latch for "MUXOut[11]" at mux.v(15)
Info (10041): Inferred latch for "MUXOut[12]" at mux.v(15)
Info (10041): Inferred latch for "MUXOut[13]" at mux.v(15)
Info (10041): Inferred latch for "MUXOut[14]" at mux.v(15)
Info (10041): Inferred latch for "MUXOut[15]" at mux.v(15)
Info (12128): Elaborating entity "MemLPM" for hierarchy "MemLPM:memoria"
Info (12128): Elaborating entity "altsyncram" for hierarchy "MemLPM:memoria|altsyncram:altsyncram_component"
Info (12130): Elaborated megafunction instantiation "MemLPM:memoria|altsyncram:altsyncram_component"
Info (12133): Instantiated megafunction "MemLPM:memoria|altsyncram:altsyncram_component" with the following parameter:
    Info (12134): Parameter "clock_enable_input_a" = "BYPASS"
    Info (12134): Parameter "clock_enable_output_a" = "BYPASS"
    Info (12134): Parameter "init_file" = "memInicializacao.mif"
    Info (12134): Parameter "intended_device_family" = "Cyclone II"
    Info (12134): Parameter "lpm_hint" = "ENABLE_RUNTIME_MOD=NO"
    Info (12134): Parameter "lpm_type" = "altsyncram"
    Info (12134): Parameter "numwords_a" = "32"
    Info (12134): Parameter "operation_mode" = "SINGLE_PORT"
    Info (12134): Parameter "outdata_aclr_a" = "NONE"
    Info (12134): Parameter "outdata_reg_a" = "UNREGISTERED"
    Info (12134): Parameter "power_up_uninitialized" = "FALSE"
    Info (12134): Parameter "ram_block_type" = "M4K"
    Info (12134): Parameter "widthad_a" = "5"
    Info (12134): Parameter "width_a" = "16"
    Info (12134): Parameter "width_byteena_a" = "1"
Info (12021): Found 1 design units, including 1 entities, in source file db/altsyncram_9pf1.tdf
    Info (12023): Found entity 1: altsyncram_9pf1
Info (12128): Elaborating entity "altsyncram_9pf1" for hierarchy "MemLPM:memoria|altsyncram:altsyncram_component|altsyncram_9pf1:auto_generated"
Info (12128): Elaborating entity "decodificador" for hierarchy "decodificador:Display0_DIN"
Warning (12241): 2 hierarchies have connectivity warnings - see the Connectivity Checks report folder
Warning (13012): Latch ProcessadorMulticiclo:processador|mux:MUX|MUXOut[0] has unsafe behavior
    Warning (13013): Ports D and ENA on the latch are fed by the same signal ProcessadorMulticiclo:processador|counter:Tstep|Q[0]
Warning (13012): Latch ProcessadorMulticiclo:processador|mux:MUX|MUXOut[1] has unsafe behavior
    Warning (13013): Ports D and ENA on the latch are fed by the same signal ProcessadorMulticiclo:processador|counter:Tstep|Q[0]
Warning (13012): Latch ProcessadorMulticiclo:processador|mux:MUX|MUXOut[2] has unsafe behavior
    Warning (13013): Ports D and ENA on the latch are fed by the same signal ProcessadorMulticiclo:processador|counter:Tstep|Q[0]
Warning (13012): Latch ProcessadorMulticiclo:processador|mux:MUX|MUXOut[3] has unsafe behavior
    Warning (13013): Ports D and ENA on the latch are fed by the same signal ProcessadorMulticiclo:processador|counter:Tstep|Q[0]
Warning (13012): Latch ProcessadorMulticiclo:processador|mux:MUX|MUXOut[4] has unsafe behavior
    Warning (13013): Ports D and ENA on the latch are fed by the same signal ProcessadorMulticiclo:processador|counter:Tstep|Q[0]
Warning (13012): Latch ProcessadorMulticiclo:processador|mux:MUX|MUXOut[5] has unsafe behavior
    Warning (13013): Ports D and ENA on the latch are fed by the same signal ProcessadorMulticiclo:processador|counter:Tstep|Q[0]
Warning (13012): Latch ProcessadorMulticiclo:processador|mux:MUX|MUXOut[6] has unsafe behavior
    Warning (13013): Ports D and ENA on the latch are fed by the same signal ProcessadorMulticiclo:processador|counter:Tstep|Q[0]
Warning (13012): Latch ProcessadorMulticiclo:processador|mux:MUX|MUXOut[7] has unsafe behavior
    Warning (13013): Ports D and ENA on the latch are fed by the same signal ProcessadorMulticiclo:processador|counter:Tstep|Q[0]
Warning (13012): Latch ProcessadorMulticiclo:processador|mux:MUX|MUXOut[8] has unsafe behavior
    Warning (13013): Ports D and ENA on the latch are fed by the same signal ProcessadorMulticiclo:processador|counter:Tstep|Q[0]
Warning (13012): Latch ProcessadorMulticiclo:processador|mux:MUX|MUXOut[9] has unsafe behavior
    Warning (13013): Ports D and ENA on the latch are fed by the same signal ProcessadorMulticiclo:processador|counter:Tstep|Q[0]
Warning (13012): Latch ProcessadorMulticiclo:processador|mux:MUX|MUXOut[10] has unsafe behavior
    Warning (13013): Ports D and ENA on the latch are fed by the same signal ProcessadorMulticiclo:processador|counter:Tstep|Q[0]
Warning (13012): Latch ProcessadorMulticiclo:processador|mux:MUX|MUXOut[11] has unsafe behavior
    Warning (13013): Ports D and ENA on the latch are fed by the same signal ProcessadorMulticiclo:processador|counter:Tstep|Q[0]
Warning (13012): Latch ProcessadorMulticiclo:processador|mux:MUX|MUXOut[12] has unsafe behavior
    Warning (13013): Ports D and ENA on the latch are fed by the same signal ProcessadorMulticiclo:processador|counter:Tstep|Q[0]
Warning (13012): Latch ProcessadorMulticiclo:processador|mux:MUX|MUXOut[13] has unsafe behavior
    Warning (13013): Ports D and ENA on the latch are fed by the same signal ProcessadorMulticiclo:processador|counter:Tstep|Q[0]
Warning (13012): Latch ProcessadorMulticiclo:processador|mux:MUX|MUXOut[14] has unsafe behavior
    Warning (13013): Ports D and ENA on the latch are fed by the same signal ProcessadorMulticiclo:processador|counter:Tstep|Q[0]
Warning (13012): Latch ProcessadorMulticiclo:processador|mux:MUX|MUXOut[15] has unsafe behavior
    Warning (13013): Ports D and ENA on the latch are fed by the same signal ProcessadorMulticiclo:processador|counter:Tstep|Q[0]
Warning (13012): Latch ProcessadorMulticiclo:processador|ULA:ula|ResultadoULA[0] has unsafe behavior
    Warning (13013): Ports D and ENA on the latch are fed by the same signal ProcessadorMulticiclo:processador|registradoresI:RegI|IR[8]
Warning (13024): Output pins are stuck at VCC or GND
    Warning (13410): Pin "LEDR[16]" is stuck at GND
    Warning (13410): Pin "LEDG[1]" is stuck at GND
    Warning (13410): Pin "LEDG[2]" is stuck at GND
    Warning (13410): Pin "LEDG[3]" is stuck at GND
    Warning (13410): Pin "LEDG[4]" is stuck at GND
    Warning (13410): Pin "LEDG[5]" is stuck at GND
    Warning (13410): Pin "LEDG[6]" is stuck at GND
    Warning (13410): Pin "LEDG[7]" is stuck at GND
    Warning (13410): Pin "LEDG[8]" is stuck at GND
Info (144001): Generated suppressed messages file E:/Documentos/CEFET/OneDrive/2023-2/2ECOM028_LAB-ARQUITETURA-ORGANIZACAO-DE-COMPUTADORES-II_T02_6T34/P02/Part1rev0/output_files/ProcessadorMulticiclo.map.smsg
Info (16010): Generating hard_block partition "hard_block:auto_generated_inst"
    Info (16011): Adding 0 node(s), including 0 DDIO, 0 PLL, 0 transceiver and 0 LCELL
Warning (21074): Design contains 19 input pin(s) that do not drive logic
    Warning (15610): No output dependent on input pin "SW[0]"
    Warning (15610): No output dependent on input pin "SW[1]"
    Warning (15610): No output dependent on input pin "SW[2]"
    Warning (15610): No output dependent on input pin "SW[3]"
    Warning (15610): No output dependent on input pin "SW[4]"
    Warning (15610): No output dependent on input pin "SW[5]"
    Warning (15610): No output dependent on input pin "SW[6]"
    Warning (15610): No output dependent on input pin "SW[7]"
    Warning (15610): No output dependent on input pin "SW[8]"
    Warning (15610): No output dependent on input pin "SW[9]"
    Warning (15610): No output dependent on input pin "SW[10]"
    Warning (15610): No output dependent on input pin "SW[11]"
    Warning (15610): No output dependent on input pin "SW[12]"
    Warning (15610): No output dependent on input pin "SW[13]"
    Warning (15610): No output dependent on input pin "SW[14]"
    Warning (15610): No output dependent on input pin "SW[15]"
    Warning (15610): No output dependent on input pin "SW[16]"
    Warning (15610): No output dependent on input pin "KEY[2]"
    Warning (15610): No output dependent on input pin "KEY[3]"
Info (21057): Implemented 654 device resources after synthesis - the final resource count might be different
    Info (21058): Implemented 22 input pins
    Info (21059): Implemented 83 output pins
    Info (21061): Implemented 533 logic cells
    Info (21064): Implemented 16 RAM segments
Info: Quartus II 64-Bit Analysis & Synthesis was successful. 0 errors, 89 warnings
    Info: Peak virtual memory: 4617 megabytes
    Info: Processing ended: Fri Sep 29 15:25:05 2023
    Info: Elapsed time: 00:00:05
    Info: Total CPU time (on all processors): 00:00:05


+------------------------------------------+
; Analysis & Synthesis Suppressed Messages ;
+------------------------------------------+
The suppressed messages can be found in E:/Documentos/CEFET/OneDrive/2023-2/2ECOM028_LAB-ARQUITETURA-ORGANIZACAO-DE-COMPUTADORES-II_T02_6T34/P02/Part1rev0/output_files/ProcessadorMulticiclo.map.smsg.


