Analysis & Synthesis report for ProcessadorMulticiclo
Sun Oct 01 23:10:51 2023
Quartus II 64-Bit Version 13.0.1 Build 232 06/12/2013 Service Pack 1 SJ Web Edition


---------------------
; Table of Contents ;
---------------------
  1. Legal Notice
  2. Analysis & Synthesis Summary
  3. Analysis & Synthesis Settings
  4. Parallel Compilation
  5. Analysis & Synthesis Source Files Read
  6. Analysis & Synthesis Resource Usage Summary
  7. Analysis & Synthesis Resource Utilization by Entity
  8. Analysis & Synthesis RAM Summary
  9. Analysis & Synthesis IP Cores Summary
 10. User-Specified and Inferred Latches
 11. General Register Statistics
 12. Multiplexer Restructuring Statistics (Restructuring Performed)
 13. Source assignments for MemLPM:memoria|altsyncram:altsyncram_component|altsyncram_9pf1:auto_generated
 14. Parameter Settings for User Entity Instance: Processador:processador
 15. Parameter Settings for User Entity Instance: Processador:processador|registradoresR:Reg0
 16. Parameter Settings for User Entity Instance: Processador:processador|registradoresR:Reg1
 17. Parameter Settings for User Entity Instance: Processador:processador|registradoresR:Reg2
 18. Parameter Settings for User Entity Instance: Processador:processador|registradoresR:Reg3
 19. Parameter Settings for User Entity Instance: Processador:processador|registradoresR:Reg4
 20. Parameter Settings for User Entity Instance: Processador:processador|registradoresR:Reg5
 21. Parameter Settings for User Entity Instance: Processador:processador|registradoresR:Reg6
 22. Parameter Settings for User Entity Instance: Processador:processador|registradoresR:RegA
 23. Parameter Settings for User Entity Instance: Processador:processador|registradoresR:RegG
 24. Parameter Settings for User Entity Instance: Processador:processador|registradoresR:RegADOut
 25. Parameter Settings for User Entity Instance: Processador:processador|registradoresR:RegDOUT
 26. Parameter Settings for User Entity Instance: Processador:processador|contadoresR:Reg7
 27. Parameter Settings for User Entity Instance: Processador:processador|registradoresI:RegI
 28. Parameter Settings for User Entity Instance: Processador:processador|ULA:ula
 29. Parameter Settings for User Entity Instance: MemLPM:memoria|altsyncram:altsyncram_component
 30. altsyncram Parameter Settings by Entity Instance
 31. Port Connectivity Checks: "decodificador:Display6_Tstep_Q"
 32. Port Connectivity Checks: "decodificador:Display0_DIN"
 33. Port Connectivity Checks: "decodificador:Display1_DIN"
 34. Port Connectivity Checks: "decodificador:Display3_DIN"
 35. Port Connectivity Checks: "Processador:processador|ULA:ula"
 36. Port Connectivity Checks: "Processador:processador|registradoresR:RegA"
 37. Port Connectivity Checks: "Processador:processador|dec3to8:RegY"
 38. Port Connectivity Checks: "Processador:processador|dec3to8:RegX"
 39. Port Connectivity Checks: "Processador:processador"
 40. Elapsed Time Per Partition
 41. Analysis & Synthesis Messages
 42. Analysis & Synthesis Suppressed Messages



----------------
; Legal Notice ;
----------------
Copyright (C) 1991-2013 Altera Corporation
Your use of Altera Corporation's design tools, logic functions 
and other software and tools, and its AMPP partner logic 
functions, and any output files from any of the foregoing 
(including device programming or simulation files), and any 
associated documentation or information are expressly subject 
to the terms and conditions of the Altera Program License 
Subscription Agreement, Altera MegaCore Function License 
Agreement, or other applicable license agreement, including, 
without limitation, that your use is for the sole purpose of 
programming logic devices manufactured by Altera and sold by 
Altera or its authorized distributors.  Please refer to the 
applicable agreement for further details.



+--------------------------------------------------------------------------------------+
; Analysis & Synthesis Summary                                                         ;
+------------------------------------+-------------------------------------------------+
; Analysis & Synthesis Status        ; Successful - Sun Oct 01 23:10:51 2023           ;
; Quartus II 64-Bit Version          ; 13.0.1 Build 232 06/12/2013 SP 1 SJ Web Edition ;
; Revision Name                      ; ProcessadorMulticiclo                           ;
; Top-level Entity Name              ; ProcessadorMulticiclo                           ;
; Family                             ; Cyclone II                                      ;
; Total logic elements               ; 456                                             ;
;     Total combinational functions  ; 326                                             ;
;     Dedicated logic registers      ; 181                                             ;
; Total registers                    ; 181                                             ;
; Total pins                         ; 105                                             ;
; Total virtual pins                 ; 0                                               ;
; Total memory bits                  ; 512                                             ;
; Embedded Multiplier 9-bit elements ; 0                                               ;
; Total PLLs                         ; 0                                               ;
+------------------------------------+-------------------------------------------------+


+----------------------------------------------------------------------------------------------------------------------------+
; Analysis & Synthesis Settings                                                                                              ;
+----------------------------------------------------------------------------+-----------------------+-----------------------+
; Option                                                                     ; Setting               ; Default Value         ;
+----------------------------------------------------------------------------+-----------------------+-----------------------+
; Device                                                                     ; EP2C35F672C6          ;                       ;
; Top-level entity name                                                      ; ProcessadorMulticiclo ; ProcessadorMulticiclo ;
; Family name                                                                ; Cyclone II            ; Cyclone IV GX         ;
; Use smart compilation                                                      ; Off                   ; Off                   ;
; Enable parallel Assembler and TimeQuest Timing Analyzer during compilation ; On                    ; On                    ;
; Enable compact report table                                                ; Off                   ; Off                   ;
; Restructure Multiplexers                                                   ; Auto                  ; Auto                  ;
; Create Debugging Nodes for IP Cores                                        ; Off                   ; Off                   ;
; Preserve fewer node names                                                  ; On                    ; On                    ;
; Disable OpenCore Plus hardware evaluation                                  ; Off                   ; Off                   ;
; Verilog Version                                                            ; Verilog_2001          ; Verilog_2001          ;
; VHDL Version                                                               ; VHDL_1993             ; VHDL_1993             ;
; State Machine Processing                                                   ; Auto                  ; Auto                  ;
; Safe State Machine                                                         ; Off                   ; Off                   ;
; Extract Verilog State Machines                                             ; On                    ; On                    ;
; Extract VHDL State Machines                                                ; On                    ; On                    ;
; Ignore Verilog initial constructs                                          ; Off                   ; Off                   ;
; Iteration limit for constant Verilog loops                                 ; 5000                  ; 5000                  ;
; Iteration limit for non-constant Verilog loops                             ; 250                   ; 250                   ;
; Add Pass-Through Logic to Inferred RAMs                                    ; On                    ; On                    ;
; Infer RAMs from Raw Logic                                                  ; On                    ; On                    ;
; Parallel Synthesis                                                         ; On                    ; On                    ;
; DSP Block Balancing                                                        ; Auto                  ; Auto                  ;
; NOT Gate Push-Back                                                         ; On                    ; On                    ;
; Power-Up Don't Care                                                        ; On                    ; On                    ;
; Remove Redundant Logic Cells                                               ; Off                   ; Off                   ;
; Remove Duplicate Registers                                                 ; On                    ; On                    ;
; Ignore CARRY Buffers                                                       ; Off                   ; Off                   ;
; Ignore CASCADE Buffers                                                     ; Off                   ; Off                   ;
; Ignore GLOBAL Buffers                                                      ; Off                   ; Off                   ;
; Ignore ROW GLOBAL Buffers                                                  ; Off                   ; Off                   ;
; Ignore LCELL Buffers                                                       ; Off                   ; Off                   ;
; Ignore SOFT Buffers                                                        ; On                    ; On                    ;
; Limit AHDL Integers to 32 Bits                                             ; Off                   ; Off                   ;
; Optimization Technique                                                     ; Balanced              ; Balanced              ;
; Carry Chain Length                                                         ; 70                    ; 70                    ;
; Auto Carry Chains                                                          ; On                    ; On                    ;
; Auto Open-Drain Pins                                                       ; On                    ; On                    ;
; Perform WYSIWYG Primitive Resynthesis                                      ; Off                   ; Off                   ;
; Auto ROM Replacement                                                       ; On                    ; On                    ;
; Auto RAM Replacement                                                       ; On                    ; On                    ;
; Auto Shift Register Replacement                                            ; Auto                  ; Auto                  ;
; Allow Shift Register Merging across Hierarchies                            ; Auto                  ; Auto                  ;
; Auto Clock Enable Replacement                                              ; On                    ; On                    ;
; Strict RAM Replacement                                                     ; Off                   ; Off                   ;
; Allow Synchronous Control Signals                                          ; On                    ; On                    ;
; Force Use of Synchronous Clear Signals                                     ; Off                   ; Off                   ;
; Auto RAM to Logic Cell Conversion                                          ; Off                   ; Off                   ;
; Auto Resource Sharing                                                      ; Off                   ; Off                   ;
; Allow Any RAM Size For Recognition                                         ; Off                   ; Off                   ;
; Allow Any ROM Size For Recognition                                         ; Off                   ; Off                   ;
; Allow Any Shift Register Size For Recognition                              ; Off                   ; Off                   ;
; Use LogicLock Constraints during Resource Balancing                        ; On                    ; On                    ;
; Ignore translate_off and synthesis_off directives                          ; Off                   ; Off                   ;
; Timing-Driven Synthesis                                                    ; Off                   ; Off                   ;
; Report Parameter Settings                                                  ; On                    ; On                    ;
; Report Source Assignments                                                  ; On                    ; On                    ;
; Report Connectivity Checks                                                 ; On                    ; On                    ;
; Ignore Maximum Fan-Out Assignments                                         ; Off                   ; Off                   ;
; Synchronization Register Chain Length                                      ; 2                     ; 2                     ;
; PowerPlay Power Optimization                                               ; Normal compilation    ; Normal compilation    ;
; HDL message level                                                          ; Level2                ; Level2                ;
; Suppress Register Optimization Related Messages                            ; Off                   ; Off                   ;
; Number of Removed Registers Reported in Synthesis Report                   ; 5000                  ; 5000                  ;
; Number of Swept Nodes Reported in Synthesis Report                         ; 5000                  ; 5000                  ;
; Number of Inverted Registers Reported in Synthesis Report                  ; 100                   ; 100                   ;
; Clock MUX Protection                                                       ; On                    ; On                    ;
; Auto Gated Clock Conversion                                                ; Off                   ; Off                   ;
; Block Design Naming                                                        ; Auto                  ; Auto                  ;
; SDC constraint protection                                                  ; Off                   ; Off                   ;
; Synthesis Effort                                                           ; Auto                  ; Auto                  ;
; Shift Register Replacement - Allow Asynchronous Clear Signal               ; On                    ; On                    ;
; Pre-Mapping Resynthesis Optimization                                       ; Off                   ; Off                   ;
; Analysis & Synthesis Message Level                                         ; Medium                ; Medium                ;
; Disable Register Merging Across Hierarchies                                ; Auto                  ; Auto                  ;
; Resource Aware Inference For Block RAM                                     ; On                    ; On                    ;
; Synthesis Seed                                                             ; 1                     ; 1                     ;
+----------------------------------------------------------------------------+-----------------------+-----------------------+


Parallel compilation was disabled, but you have multiple processors available. Enable parallel compilation to reduce compilation time.
+-------------------------------------+
; Parallel Compilation                ;
+----------------------------+--------+
; Processors                 ; Number ;
+----------------------------+--------+
; Number detected on machine ; 4      ;
; Maximum allowed            ; 1      ;
+----------------------------+--------+


+----------------------------------------------------------------------------------------------------------------------------------------------------------------------------------------------------------------------------------------------+
; Analysis & Synthesis Source Files Read                                                                                                                                                                                                       ;
+----------------------------------+-----------------+----------------------------------+--------------------------------------------------------------------------------------------------------------------------------------------+---------+
; File Name with User-Entered Path ; Used in Netlist ; File Type                        ; File Name with Absolute Path                                                                                                               ; Library ;
+----------------------------------+-----------------+----------------------------------+--------------------------------------------------------------------------------------------------------------------------------------------+---------+
; ProcessadorMulticiclo.v          ; yes             ; User Verilog HDL File            ; E:/Documentos/CEFET/OneDrive/2023-2/2ECOM028_LAB-ARQUITETURA-ORGANIZACAO-DE-COMPUTADORES-II_T02_6T34/P02/Part1rev2/ProcessadorMulticiclo.v ;         ;
; ULA.v                            ; yes             ; User Verilog HDL File            ; E:/Documentos/CEFET/OneDrive/2023-2/2ECOM028_LAB-ARQUITETURA-ORGANIZACAO-DE-COMPUTADORES-II_T02_6T34/P02/Part1rev2/ULA.v                   ;         ;
; registradoresR.v                 ; yes             ; User Verilog HDL File            ; E:/Documentos/CEFET/OneDrive/2023-2/2ECOM028_LAB-ARQUITETURA-ORGANIZACAO-DE-COMPUTADORES-II_T02_6T34/P02/Part1rev2/registradoresR.v        ;         ;
; registradoresI.v                 ; yes             ; User Verilog HDL File            ; E:/Documentos/CEFET/OneDrive/2023-2/2ECOM028_LAB-ARQUITETURA-ORGANIZACAO-DE-COMPUTADORES-II_T02_6T34/P02/Part1rev2/registradoresI.v        ;         ;
; Processador.v                    ; yes             ; User Verilog HDL File            ; E:/Documentos/CEFET/OneDrive/2023-2/2ECOM028_LAB-ARQUITETURA-ORGANIZACAO-DE-COMPUTADORES-II_T02_6T34/P02/Part1rev2/Processador.v           ;         ;
; mux.v                            ; yes             ; User Verilog HDL File            ; E:/Documentos/CEFET/OneDrive/2023-2/2ECOM028_LAB-ARQUITETURA-ORGANIZACAO-DE-COMPUTADORES-II_T02_6T34/P02/Part1rev2/mux.v                   ;         ;
; decodificador.v                  ; yes             ; User Verilog HDL File            ; E:/Documentos/CEFET/OneDrive/2023-2/2ECOM028_LAB-ARQUITETURA-ORGANIZACAO-DE-COMPUTADORES-II_T02_6T34/P02/Part1rev2/decodificador.v         ;         ;
; dec3to8.v                        ; yes             ; User Verilog HDL File            ; E:/Documentos/CEFET/OneDrive/2023-2/2ECOM028_LAB-ARQUITETURA-ORGANIZACAO-DE-COMPUTADORES-II_T02_6T34/P02/Part1rev2/dec3to8.v               ;         ;
; counter.v                        ; yes             ; User Verilog HDL File            ; E:/Documentos/CEFET/OneDrive/2023-2/2ECOM028_LAB-ARQUITETURA-ORGANIZACAO-DE-COMPUTADORES-II_T02_6T34/P02/Part1rev2/counter.v               ;         ;
; contadoresR.v                    ; yes             ; User Verilog HDL File            ; E:/Documentos/CEFET/OneDrive/2023-2/2ECOM028_LAB-ARQUITETURA-ORGANIZACAO-DE-COMPUTADORES-II_T02_6T34/P02/Part1rev2/contadoresR.v           ;         ;
; memInicializacao.mif             ; yes             ; User Memory Initialization File  ; E:/Documentos/CEFET/OneDrive/2023-2/2ECOM028_LAB-ARQUITETURA-ORGANIZACAO-DE-COMPUTADORES-II_T02_6T34/P02/Part1rev2/memInicializacao.mif    ;         ;
; MemLPM.v                         ; yes             ; User Wizard-Generated File       ; E:/Documentos/CEFET/OneDrive/2023-2/2ECOM028_LAB-ARQUITETURA-ORGANIZACAO-DE-COMPUTADORES-II_T02_6T34/P02/Part1rev2/MemLPM.v                ;         ;
; altsyncram.tdf                   ; yes             ; Megafunction                     ; c:/program files/altera/13.0sp1/quartus/libraries/megafunctions/altsyncram.tdf                                                             ;         ;
; stratix_ram_block.inc            ; yes             ; Megafunction                     ; c:/program files/altera/13.0sp1/quartus/libraries/megafunctions/stratix_ram_block.inc                                                      ;         ;
; lpm_mux.inc                      ; yes             ; Megafunction                     ; c:/program files/altera/13.0sp1/quartus/libraries/megafunctions/lpm_mux.inc                                                                ;         ;
; lpm_decode.inc                   ; yes             ; Megafunction                     ; c:/program files/altera/13.0sp1/quartus/libraries/megafunctions/lpm_decode.inc                                                             ;         ;
; aglobal130.inc                   ; yes             ; Megafunction                     ; c:/program files/altera/13.0sp1/quartus/libraries/megafunctions/aglobal130.inc                                                             ;         ;
; a_rdenreg.inc                    ; yes             ; Megafunction                     ; c:/program files/altera/13.0sp1/quartus/libraries/megafunctions/a_rdenreg.inc                                                              ;         ;
; altrom.inc                       ; yes             ; Megafunction                     ; c:/program files/altera/13.0sp1/quartus/libraries/megafunctions/altrom.inc                                                                 ;         ;
; altram.inc                       ; yes             ; Megafunction                     ; c:/program files/altera/13.0sp1/quartus/libraries/megafunctions/altram.inc                                                                 ;         ;
; altdpram.inc                     ; yes             ; Megafunction                     ; c:/program files/altera/13.0sp1/quartus/libraries/megafunctions/altdpram.inc                                                               ;         ;
; db/altsyncram_9pf1.tdf           ; yes             ; Auto-Generated Megafunction      ; E:/Documentos/CEFET/OneDrive/2023-2/2ECOM028_LAB-ARQUITETURA-ORGANIZACAO-DE-COMPUTADORES-II_T02_6T34/P02/Part1rev2/db/altsyncram_9pf1.tdf  ;         ;
+----------------------------------+-----------------+----------------------------------+--------------------------------------------------------------------------------------------------------------------------------------------+---------+


+------------------------------------------------------+
; Analysis & Synthesis Resource Usage Summary          ;
+---------------------------------------------+--------+
; Resource                                    ; Usage  ;
+---------------------------------------------+--------+
; Estimated Total logic elements              ; 456    ;
;                                             ;        ;
; Total combinational functions               ; 326    ;
; Logic element usage by number of LUT inputs ;        ;
;     -- 4 input functions                    ; 218    ;
;     -- 3 input functions                    ; 69     ;
;     -- <=2 input functions                  ; 39     ;
;                                             ;        ;
; Logic elements by mode                      ;        ;
;     -- normal mode                          ; 296    ;
;     -- arithmetic mode                      ; 30     ;
;                                             ;        ;
; Total registers                             ; 181    ;
;     -- Dedicated logic registers            ; 181    ;
;     -- I/O registers                        ; 0      ;
;                                             ;        ;
; I/O pins                                    ; 105    ;
; Total memory bits                           ; 512    ;
; Embedded Multiplier 9-bit elements          ; 0      ;
; Maximum fan-out node                        ; KEY[1] ;
; Maximum fan-out                             ; 197    ;
; Total fan-out                               ; 1945   ;
; Average fan-out                             ; 3.10   ;
+---------------------------------------------+--------+


+-----------------------------------------------------------------------------------------------------------------------------------------------------------------------------------------------------------------------------------------------------------------------------+
; Analysis & Synthesis Resource Utilization by Entity                                                                                                                                                                                                                         ;
+-------------------------------------------+-------------------+--------------+-------------+--------------+---------+-----------+------+--------------+------------------------------------------------------------------------------------------------------+--------------+
; Compilation Hierarchy Node                ; LC Combinationals ; LC Registers ; Memory Bits ; DSP Elements ; DSP 9x9 ; DSP 18x18 ; Pins ; Virtual Pins ; Full Hierarchy Name                                                                                  ; Library Name ;
+-------------------------------------------+-------------------+--------------+-------------+--------------+---------+-----------+------+--------------+------------------------------------------------------------------------------------------------------+--------------+
; |ProcessadorMulticiclo                    ; 326 (0)           ; 181 (0)      ; 512         ; 0            ; 0       ; 0         ; 105  ; 0            ; |ProcessadorMulticiclo                                                                               ; work         ;
;    |MemLPM:memoria|                       ; 0 (0)             ; 0 (0)        ; 512         ; 0            ; 0       ; 0         ; 0    ; 0            ; |ProcessadorMulticiclo|MemLPM:memoria                                                                ; work         ;
;       |altsyncram:altsyncram_component|   ; 0 (0)             ; 0 (0)        ; 512         ; 0            ; 0       ; 0         ; 0    ; 0            ; |ProcessadorMulticiclo|MemLPM:memoria|altsyncram:altsyncram_component                                ; work         ;
;          |altsyncram_9pf1:auto_generated| ; 0 (0)             ; 0 (0)        ; 512         ; 0            ; 0       ; 0         ; 0    ; 0            ; |ProcessadorMulticiclo|MemLPM:memoria|altsyncram:altsyncram_component|altsyncram_9pf1:auto_generated ; work         ;
;    |Processador:processador|              ; 266 (60)          ; 181 (0)      ; 0           ; 0            ; 0       ; 0         ; 0    ; 0            ; |ProcessadorMulticiclo|Processador:processador                                                       ; work         ;
;       |ULA:ula|                           ; 54 (54)           ; 0 (0)        ; 0           ; 0            ; 0       ; 0         ; 0    ; 0            ; |ProcessadorMulticiclo|Processador:processador|ULA:ula                                               ; work         ;
;       |contadoresR:Reg7|                  ; 17 (17)           ; 16 (16)      ; 0           ; 0            ; 0       ; 0         ; 0    ; 0            ; |ProcessadorMulticiclo|Processador:processador|contadoresR:Reg7                                      ; work         ;
;       |counter:Tstep|                     ; 3 (3)             ; 3 (3)        ; 0           ; 0            ; 0       ; 0         ; 0    ; 0            ; |ProcessadorMulticiclo|Processador:processador|counter:Tstep                                         ; work         ;
;       |dec3to8:RegX|                      ; 1 (1)             ; 0 (0)        ; 0           ; 0            ; 0       ; 0         ; 0    ; 0            ; |ProcessadorMulticiclo|Processador:processador|dec3to8:RegX                                          ; work         ;
;       |mux:MUX|                           ; 131 (131)         ; 0 (0)        ; 0           ; 0            ; 0       ; 0         ; 0    ; 0            ; |ProcessadorMulticiclo|Processador:processador|mux:MUX                                               ; work         ;
;       |registradoresI:RegI|               ; 0 (0)             ; 10 (10)      ; 0           ; 0            ; 0       ; 0         ; 0    ; 0            ; |ProcessadorMulticiclo|Processador:processador|registradoresI:RegI                                   ; work         ;
;       |registradoresR:Reg0|               ; 0 (0)             ; 16 (16)      ; 0           ; 0            ; 0       ; 0         ; 0    ; 0            ; |ProcessadorMulticiclo|Processador:processador|registradoresR:Reg0                                   ; work         ;
;       |registradoresR:Reg1|               ; 0 (0)             ; 16 (16)      ; 0           ; 0            ; 0       ; 0         ; 0    ; 0            ; |ProcessadorMulticiclo|Processador:processador|registradoresR:Reg1                                   ; work         ;
;       |registradoresR:Reg2|               ; 0 (0)             ; 16 (16)      ; 0           ; 0            ; 0       ; 0         ; 0    ; 0            ; |ProcessadorMulticiclo|Processador:processador|registradoresR:Reg2                                   ; work         ;
;       |registradoresR:Reg3|               ; 0 (0)             ; 16 (16)      ; 0           ; 0            ; 0       ; 0         ; 0    ; 0            ; |ProcessadorMulticiclo|Processador:processador|registradoresR:Reg3                                   ; work         ;
;       |registradoresR:Reg4|               ; 0 (0)             ; 16 (16)      ; 0           ; 0            ; 0       ; 0         ; 0    ; 0            ; |ProcessadorMulticiclo|Processador:processador|registradoresR:Reg4                                   ; work         ;
;       |registradoresR:Reg5|               ; 0 (0)             ; 16 (16)      ; 0           ; 0            ; 0       ; 0         ; 0    ; 0            ; |ProcessadorMulticiclo|Processador:processador|registradoresR:Reg5                                   ; work         ;
;       |registradoresR:Reg6|               ; 0 (0)             ; 16 (16)      ; 0           ; 0            ; 0       ; 0         ; 0    ; 0            ; |ProcessadorMulticiclo|Processador:processador|registradoresR:Reg6                                   ; work         ;
;       |registradoresR:RegADOut|           ; 0 (0)             ; 8 (8)        ; 0           ; 0            ; 0       ; 0         ; 0    ; 0            ; |ProcessadorMulticiclo|Processador:processador|registradoresR:RegADOut                               ; work         ;
;       |registradoresR:RegDOUT|            ; 0 (0)             ; 16 (16)      ; 0           ; 0            ; 0       ; 0         ; 0    ; 0            ; |ProcessadorMulticiclo|Processador:processador|registradoresR:RegDOUT                                ; work         ;
;       |registradoresR:RegG|               ; 0 (0)             ; 16 (16)      ; 0           ; 0            ; 0       ; 0         ; 0    ; 0            ; |ProcessadorMulticiclo|Processador:processador|registradoresR:RegG                                   ; work         ;
;    |decodificador:Display0_DIN|           ; 7 (7)             ; 0 (0)        ; 0           ; 0            ; 0       ; 0         ; 0    ; 0            ; |ProcessadorMulticiclo|decodificador:Display0_DIN                                                    ; work         ;
;    |decodificador:Display1_DIN|           ; 7 (7)             ; 0 (0)        ; 0           ; 0            ; 0       ; 0         ; 0    ; 0            ; |ProcessadorMulticiclo|decodificador:Display1_DIN                                                    ; work         ;
;    |decodificador:Display2_DIN|           ; 7 (7)             ; 0 (0)        ; 0           ; 0            ; 0       ; 0         ; 0    ; 0            ; |ProcessadorMulticiclo|decodificador:Display2_DIN                                                    ; work         ;
;    |decodificador:Display3_DIN|           ; 7 (7)             ; 0 (0)        ; 0           ; 0            ; 0       ; 0         ; 0    ; 0            ; |ProcessadorMulticiclo|decodificador:Display3_DIN                                                    ; work         ;
;    |decodificador:Display4_AddressOut|    ; 7 (7)             ; 0 (0)        ; 0           ; 0            ; 0       ; 0         ; 0    ; 0            ; |ProcessadorMulticiclo|decodificador:Display4_AddressOut                                             ; work         ;
;    |decodificador:Display5_AddressOut|    ; 7 (7)             ; 0 (0)        ; 0           ; 0            ; 0       ; 0         ; 0    ; 0            ; |ProcessadorMulticiclo|decodificador:Display5_AddressOut                                             ; work         ;
;    |decodificador:Display6_Tstep_Q|       ; 11 (11)           ; 0 (0)        ; 0           ; 0            ; 0       ; 0         ; 0    ; 0            ; |ProcessadorMulticiclo|decodificador:Display6_Tstep_Q                                                ; work         ;
;    |decodificador:Display7_BusWires|      ; 7 (7)             ; 0 (0)        ; 0           ; 0            ; 0       ; 0         ; 0    ; 0            ; |ProcessadorMulticiclo|decodificador:Display7_BusWires                                               ; work         ;
+-------------------------------------------+-------------------+--------------+-------------+--------------+---------+-----------+------+--------------+------------------------------------------------------------------------------------------------------+--------------+
Note: For table entries with two numbers listed, the numbers in parentheses indicate the number of resources of the given type used by the specific entity alone. The numbers listed outside of parentheses indicate the total resources of the given type used by the specific entity and all of its sub-entities in the hierarchy.


+---------------------------------------------------------------------------------------------------------------------------------------------------------------------------------------------------------+
; Analysis & Synthesis RAM Summary                                                                                                                                                                        ;
+------------------------------------------------------------------------------------------+------+-------------+--------------+--------------+--------------+--------------+------+----------------------+
; Name                                                                                     ; Type ; Mode        ; Port A Depth ; Port A Width ; Port B Depth ; Port B Width ; Size ; MIF                  ;
+------------------------------------------------------------------------------------------+------+-------------+--------------+--------------+--------------+--------------+------+----------------------+
; MemLPM:memoria|altsyncram:altsyncram_component|altsyncram_9pf1:auto_generated|ALTSYNCRAM ; M4K  ; Single Port ; 32           ; 16           ; --           ; --           ; 512  ; memInicializacao.mif ;
+------------------------------------------------------------------------------------------+------+-------------+--------------+--------------+--------------+--------------+------+----------------------+


+-------------------------------------------------------------------------------------------------------------------------------------------------------------------------------------------------------------------------------------+
; Analysis & Synthesis IP Cores Summary                                                                                                                                                                                               ;
+--------+--------------+---------+--------------+--------------+---------------------------------------+-----------------------------------------------------------------------------------------------------------------------------+
; Vendor ; IP Core Name ; Version ; Release Date ; License Type ; Entity Instance                       ; IP Include File                                                                                                             ;
+--------+--------------+---------+--------------+--------------+---------------------------------------+-----------------------------------------------------------------------------------------------------------------------------+
; Altera ; RAM: 1-PORT  ; 13.0    ; N/A          ; N/A          ; |ProcessadorMulticiclo|MemLPM:memoria ; E:/Documentos/CEFET/OneDrive/2023-2/2ECOM028_LAB-ARQUITETURA-ORGANIZACAO-DE-COMPUTADORES-II_T02_6T34/P02/Part1rev2/MemLPM.v ;
+--------+--------------+---------+--------------+--------------+---------------------------------------+-----------------------------------------------------------------------------------------------------------------------------+


+-----------------------------------------------------------------------------------------------------------------------------+
; User-Specified and Inferred Latches                                                                                         ;
+-----------------------------------------------------+----------------------------------------------+------------------------+
; Latch Name                                          ; Latch Enable Signal                          ; Free of Timing Hazards ;
+-----------------------------------------------------+----------------------------------------------+------------------------+
; Processador:processador|mux:MUX|MuxSaida[0]         ; Processador:processador|mux:MUX|MuxSaida[15] ; yes                    ;
; Processador:processador|mux:MUX|MuxSaida[1]         ; Processador:processador|mux:MUX|MuxSaida[15] ; yes                    ;
; Processador:processador|mux:MUX|MuxSaida[2]         ; Processador:processador|mux:MUX|MuxSaida[15] ; yes                    ;
; Processador:processador|mux:MUX|MuxSaida[3]         ; Processador:processador|mux:MUX|MuxSaida[15] ; yes                    ;
; Processador:processador|mux:MUX|MuxSaida[4]         ; Processador:processador|mux:MUX|MuxSaida[15] ; yes                    ;
; Processador:processador|mux:MUX|MuxSaida[5]         ; Processador:processador|mux:MUX|MuxSaida[15] ; yes                    ;
; Processador:processador|mux:MUX|MuxSaida[6]         ; Processador:processador|mux:MUX|MuxSaida[15] ; yes                    ;
; Processador:processador|mux:MUX|MuxSaida[7]         ; Processador:processador|mux:MUX|MuxSaida[15] ; yes                    ;
; Processador:processador|mux:MUX|MuxSaida[8]         ; Processador:processador|mux:MUX|MuxSaida[15] ; yes                    ;
; Processador:processador|mux:MUX|MuxSaida[9]         ; Processador:processador|mux:MUX|MuxSaida[15] ; yes                    ;
; Processador:processador|mux:MUX|MuxSaida[10]        ; Processador:processador|mux:MUX|MuxSaida[15] ; yes                    ;
; Processador:processador|mux:MUX|MuxSaida[11]        ; Processador:processador|mux:MUX|MuxSaida[15] ; yes                    ;
; Processador:processador|mux:MUX|MuxSaida[12]        ; Processador:processador|mux:MUX|MuxSaida[15] ; yes                    ;
; Processador:processador|mux:MUX|MuxSaida[13]        ; Processador:processador|mux:MUX|MuxSaida[15] ; yes                    ;
; Processador:processador|mux:MUX|MuxSaida[14]        ; Processador:processador|mux:MUX|MuxSaida[15] ; yes                    ;
; Processador:processador|mux:MUX|MuxSaida[15]        ; Processador:processador|mux:MUX|MuxSaida[15] ; yes                    ;
; Processador:processador|ULA:ula|ResultadoULA[0]     ; Processador:processador|WideOr27             ; yes                    ;
; Processador:processador|ULA:ula|ResultadoULA[1]     ; Processador:processador|WideOr27             ; yes                    ;
; Processador:processador|ULA:ula|ResultadoULA[2]     ; Processador:processador|WideOr27             ; yes                    ;
; Processador:processador|ULA:ula|ResultadoULA[3]     ; Processador:processador|WideOr27             ; yes                    ;
; Processador:processador|ULA:ula|ResultadoULA[4]     ; Processador:processador|WideOr27             ; yes                    ;
; Processador:processador|ULA:ula|ResultadoULA[5]     ; Processador:processador|WideOr27             ; yes                    ;
; Processador:processador|ULA:ula|ResultadoULA[6]     ; Processador:processador|WideOr27             ; yes                    ;
; Processador:processador|ULA:ula|ResultadoULA[7]     ; Processador:processador|WideOr27             ; yes                    ;
; Processador:processador|ULA:ula|ResultadoULA[8]     ; Processador:processador|WideOr27             ; yes                    ;
; Processador:processador|ULA:ula|ResultadoULA[9]     ; Processador:processador|WideOr27             ; yes                    ;
; Processador:processador|ULA:ula|ResultadoULA[10]    ; Processador:processador|WideOr27             ; yes                    ;
; Processador:processador|ULA:ula|ResultadoULA[11]    ; Processador:processador|WideOr27             ; yes                    ;
; Processador:processador|ULA:ula|ResultadoULA[12]    ; Processador:processador|WideOr27             ; yes                    ;
; Processador:processador|ULA:ula|ResultadoULA[13]    ; Processador:processador|WideOr27             ; yes                    ;
; Processador:processador|ULA:ula|ResultadoULA[14]    ; Processador:processador|WideOr27             ; yes                    ;
; Processador:processador|ULA:ula|ResultadoULA[15]    ; Processador:processador|WideOr27             ; yes                    ;
; Number of user-specified and inferred latches = 32  ;                                              ;                        ;
+-----------------------------------------------------+----------------------------------------------+------------------------+
Note: All latches listed above may not be present at the end of synthesis due to various synthesis optimizations.


+------------------------------------------------------+
; General Register Statistics                          ;
+----------------------------------------------+-------+
; Statistic                                    ; Value ;
+----------------------------------------------+-------+
; Total registers                              ; 181   ;
; Number of registers using Synchronous Clear  ; 16    ;
; Number of registers using Synchronous Load   ; 16    ;
; Number of registers using Asynchronous Clear ; 0     ;
; Number of registers using Asynchronous Load  ; 0     ;
; Number of registers using Clock Enable       ; 178   ;
; Number of registers using Preset             ; 0     ;
+----------------------------------------------+-------+


+-------------------------------------------------------------------------------------------------------------------------------------------------------------------------------------------+
; Multiplexer Restructuring Statistics (Restructuring Performed)                                                                                                                            ;
+--------------------+-----------+---------------+----------------------+------------------------+------------+-----------------------------------------------------------------------------+
; Multiplexer Inputs ; Bus Width ; Baseline Area ; Area if Restructured ; Saving if Restructured ; Registered ; Example Multiplexer Output                                                  ;
+--------------------+-----------+---------------+----------------------+------------------------+------------+-----------------------------------------------------------------------------+
; 4:1                ; 16 bits   ; 32 LEs        ; 32 LEs               ; 0 LEs                  ; Yes        ; |ProcessadorMulticiclo|Processador:processador|contadoresR:Reg7|RegSaida[8] ;
; 6:1                ; 15 bits   ; 60 LEs        ; 30 LEs               ; 30 LEs                 ; No         ; |ProcessadorMulticiclo|Processador:processador|ULA:ula|Mux12                ;
; 10:1               ; 16 bits   ; 96 LEs        ; 96 LEs               ; 0 LEs                  ; No         ; |ProcessadorMulticiclo|Processador:processador|mux:MUX|MuxSaida[5]          ;
; 16:1               ; 8 bits    ; 80 LEs        ; 16 LEs               ; 64 LEs                 ; No         ; |ProcessadorMulticiclo|Processador:processador|Mux9                         ;
; 19:1               ; 7 bits    ; 84 LEs        ; 28 LEs               ; 56 LEs                 ; No         ; |ProcessadorMulticiclo|Processador:processador|Mux21                        ;
+--------------------+-----------+---------------+----------------------+------------------------+------------+-----------------------------------------------------------------------------+


+------------------------------------------------------------------------------------------------------+
; Source assignments for MemLPM:memoria|altsyncram:altsyncram_component|altsyncram_9pf1:auto_generated ;
+---------------------------------+--------------------+------+----------------------------------------+
; Assignment                      ; Value              ; From ; To                                     ;
+---------------------------------+--------------------+------+----------------------------------------+
; OPTIMIZE_POWER_DURING_SYNTHESIS ; NORMAL_COMPILATION ; -    ; -                                      ;
+---------------------------------+--------------------+------+----------------------------------------+


+----------------------------------------------------------------------+
; Parameter Settings for User Entity Instance: Processador:processador ;
+----------------+-------+---------------------------------------------+
; Parameter Name ; Value ; Type                                        ;
+----------------+-------+---------------------------------------------+
; ld             ; 0000  ; Unsigned Binary                             ;
; st             ; 0001  ; Unsigned Binary                             ;
; mvnz           ; 0010  ; Unsigned Binary                             ;
; mv             ; 0011  ; Unsigned Binary                             ;
; mvi            ; 0100  ; Unsigned Binary                             ;
; add            ; 0101  ; Unsigned Binary                             ;
; sub            ; 0110  ; Unsigned Binary                             ;
; OR             ; 0111  ; Unsigned Binary                             ;
; slt            ; 1000  ; Unsigned Binary                             ;
; sll            ; 1001  ; Unsigned Binary                             ;
; slr            ; 1010  ; Unsigned Binary                             ;
+----------------+-------+---------------------------------------------+
Note: In order to hide this table in the UI and the text report file, please set the "Show Parameter Settings in Synthesis Report" option in "Analysis and Synthesis Settings -> More Settings" to "Off".


+------------------------------------------------------------------------------------------+
; Parameter Settings for User Entity Instance: Processador:processador|registradoresR:Reg0 ;
+----------------+-------+-----------------------------------------------------------------+
; Parameter Name ; Value ; Type                                                            ;
+----------------+-------+-----------------------------------------------------------------+
; n              ; 16    ; Signed Integer                                                  ;
+----------------+-------+-----------------------------------------------------------------+
Note: In order to hide this table in the UI and the text report file, please set the "Show Parameter Settings in Synthesis Report" option in "Analysis and Synthesis Settings -> More Settings" to "Off".


+------------------------------------------------------------------------------------------+
; Parameter Settings for User Entity Instance: Processador:processador|registradoresR:Reg1 ;
+----------------+-------+-----------------------------------------------------------------+
; Parameter Name ; Value ; Type                                                            ;
+----------------+-------+-----------------------------------------------------------------+
; n              ; 16    ; Signed Integer                                                  ;
+----------------+-------+-----------------------------------------------------------------+
Note: In order to hide this table in the UI and the text report file, please set the "Show Parameter Settings in Synthesis Report" option in "Analysis and Synthesis Settings -> More Settings" to "Off".


+------------------------------------------------------------------------------------------+
; Parameter Settings for User Entity Instance: Processador:processador|registradoresR:Reg2 ;
+----------------+-------+-----------------------------------------------------------------+
; Parameter Name ; Value ; Type                                                            ;
+----------------+-------+-----------------------------------------------------------------+
; n              ; 16    ; Signed Integer                                                  ;
+----------------+-------+-----------------------------------------------------------------+
Note: In order to hide this table in the UI and the text report file, please set the "Show Parameter Settings in Synthesis Report" option in "Analysis and Synthesis Settings -> More Settings" to "Off".


+------------------------------------------------------------------------------------------+
; Parameter Settings for User Entity Instance: Processador:processador|registradoresR:Reg3 ;
+----------------+-------+-----------------------------------------------------------------+
; Parameter Name ; Value ; Type                                                            ;
+----------------+-------+-----------------------------------------------------------------+
; n              ; 16    ; Signed Integer                                                  ;
+----------------+-------+-----------------------------------------------------------------+
Note: In order to hide this table in the UI and the text report file, please set the "Show Parameter Settings in Synthesis Report" option in "Analysis and Synthesis Settings -> More Settings" to "Off".


+------------------------------------------------------------------------------------------+
; Parameter Settings for User Entity Instance: Processador:processador|registradoresR:Reg4 ;
+----------------+-------+-----------------------------------------------------------------+
; Parameter Name ; Value ; Type                                                            ;
+----------------+-------+-----------------------------------------------------------------+
; n              ; 16    ; Signed Integer                                                  ;
+----------------+-------+-----------------------------------------------------------------+
Note: In order to hide this table in the UI and the text report file, please set the "Show Parameter Settings in Synthesis Report" option in "Analysis and Synthesis Settings -> More Settings" to "Off".


+------------------------------------------------------------------------------------------+
; Parameter Settings for User Entity Instance: Processador:processador|registradoresR:Reg5 ;
+----------------+-------+-----------------------------------------------------------------+
; Parameter Name ; Value ; Type                                                            ;
+----------------+-------+-----------------------------------------------------------------+
; n              ; 16    ; Signed Integer                                                  ;
+----------------+-------+-----------------------------------------------------------------+
Note: In order to hide this table in the UI and the text report file, please set the "Show Parameter Settings in Synthesis Report" option in "Analysis and Synthesis Settings -> More Settings" to "Off".


+------------------------------------------------------------------------------------------+
; Parameter Settings for User Entity Instance: Processador:processador|registradoresR:Reg6 ;
+----------------+-------+-----------------------------------------------------------------+
; Parameter Name ; Value ; Type                                                            ;
+----------------+-------+-----------------------------------------------------------------+
; n              ; 16    ; Signed Integer                                                  ;
+----------------+-------+-----------------------------------------------------------------+
Note: In order to hide this table in the UI and the text report file, please set the "Show Parameter Settings in Synthesis Report" option in "Analysis and Synthesis Settings -> More Settings" to "Off".


+------------------------------------------------------------------------------------------+
; Parameter Settings for User Entity Instance: Processador:processador|registradoresR:RegA ;
+----------------+-------+-----------------------------------------------------------------+
; Parameter Name ; Value ; Type                                                            ;
+----------------+-------+-----------------------------------------------------------------+
; n              ; 16    ; Signed Integer                                                  ;
+----------------+-------+-----------------------------------------------------------------+
Note: In order to hide this table in the UI and the text report file, please set the "Show Parameter Settings in Synthesis Report" option in "Analysis and Synthesis Settings -> More Settings" to "Off".


+------------------------------------------------------------------------------------------+
; Parameter Settings for User Entity Instance: Processador:processador|registradoresR:RegG ;
+----------------+-------+-----------------------------------------------------------------+
; Parameter Name ; Value ; Type                                                            ;
+----------------+-------+-----------------------------------------------------------------+
; n              ; 16    ; Signed Integer                                                  ;
+----------------+-------+-----------------------------------------------------------------+
Note: In order to hide this table in the UI and the text report file, please set the "Show Parameter Settings in Synthesis Report" option in "Analysis and Synthesis Settings -> More Settings" to "Off".


+----------------------------------------------------------------------------------------------+
; Parameter Settings for User Entity Instance: Processador:processador|registradoresR:RegADOut ;
+----------------+-------+---------------------------------------------------------------------+
; Parameter Name ; Value ; Type                                                                ;
+----------------+-------+---------------------------------------------------------------------+
; n              ; 16    ; Signed Integer                                                      ;
+----------------+-------+---------------------------------------------------------------------+
Note: In order to hide this table in the UI and the text report file, please set the "Show Parameter Settings in Synthesis Report" option in "Analysis and Synthesis Settings -> More Settings" to "Off".


+---------------------------------------------------------------------------------------------+
; Parameter Settings for User Entity Instance: Processador:processador|registradoresR:RegDOUT ;
+----------------+-------+--------------------------------------------------------------------+
; Parameter Name ; Value ; Type                                                               ;
+----------------+-------+--------------------------------------------------------------------+
; n              ; 16    ; Signed Integer                                                     ;
+----------------+-------+--------------------------------------------------------------------+
Note: In order to hide this table in the UI and the text report file, please set the "Show Parameter Settings in Synthesis Report" option in "Analysis and Synthesis Settings -> More Settings" to "Off".


+---------------------------------------------------------------------------------------+
; Parameter Settings for User Entity Instance: Processador:processador|contadoresR:Reg7 ;
+----------------+-------+--------------------------------------------------------------+
; Parameter Name ; Value ; Type                                                         ;
+----------------+-------+--------------------------------------------------------------+
; n              ; 16    ; Signed Integer                                               ;
+----------------+-------+--------------------------------------------------------------+
Note: In order to hide this table in the UI and the text report file, please set the "Show Parameter Settings in Synthesis Report" option in "Analysis and Synthesis Settings -> More Settings" to "Off".


+------------------------------------------------------------------------------------------+
; Parameter Settings for User Entity Instance: Processador:processador|registradoresI:RegI ;
+----------------+-------+-----------------------------------------------------------------+
; Parameter Name ; Value ; Type                                                            ;
+----------------+-------+-----------------------------------------------------------------+
; n              ; 10    ; Signed Integer                                                  ;
+----------------+-------+-----------------------------------------------------------------+
Note: In order to hide this table in the UI and the text report file, please set the "Show Parameter Settings in Synthesis Report" option in "Analysis and Synthesis Settings -> More Settings" to "Off".


+------------------------------------------------------------------------------+
; Parameter Settings for User Entity Instance: Processador:processador|ULA:ula ;
+----------------+-------+-----------------------------------------------------+
; Parameter Name ; Value ; Type                                                ;
+----------------+-------+-----------------------------------------------------+
; ld             ; 0000  ; Unsigned Binary                                     ;
; st             ; 0001  ; Unsigned Binary                                     ;
; mvnz           ; 0010  ; Unsigned Binary                                     ;
; mv             ; 0011  ; Unsigned Binary                                     ;
; mvi            ; 0100  ; Unsigned Binary                                     ;
; add            ; 0101  ; Unsigned Binary                                     ;
; sub            ; 0110  ; Unsigned Binary                                     ;
; OR             ; 0111  ; Unsigned Binary                                     ;
; slt            ; 1000  ; Unsigned Binary                                     ;
; sll            ; 1001  ; Unsigned Binary                                     ;
; slr            ; 1010  ; Unsigned Binary                                     ;
+----------------+-------+-----------------------------------------------------+
Note: In order to hide this table in the UI and the text report file, please set the "Show Parameter Settings in Synthesis Report" option in "Analysis and Synthesis Settings -> More Settings" to "Off".


+---------------------------------------------------------------------------------------------+
; Parameter Settings for User Entity Instance: MemLPM:memoria|altsyncram:altsyncram_component ;
+------------------------------------+----------------------+---------------------------------+
; Parameter Name                     ; Value                ; Type                            ;
+------------------------------------+----------------------+---------------------------------+
; BYTE_SIZE_BLOCK                    ; 8                    ; Untyped                         ;
; AUTO_CARRY_CHAINS                  ; ON                   ; AUTO_CARRY                      ;
; IGNORE_CARRY_BUFFERS               ; OFF                  ; IGNORE_CARRY                    ;
; AUTO_CASCADE_CHAINS                ; ON                   ; AUTO_CASCADE                    ;
; IGNORE_CASCADE_BUFFERS             ; OFF                  ; IGNORE_CASCADE                  ;
; WIDTH_BYTEENA                      ; 1                    ; Untyped                         ;
; OPERATION_MODE                     ; SINGLE_PORT          ; Untyped                         ;
; WIDTH_A                            ; 16                   ; Signed Integer                  ;
; WIDTHAD_A                          ; 5                    ; Signed Integer                  ;
; NUMWORDS_A                         ; 32                   ; Signed Integer                  ;
; OUTDATA_REG_A                      ; UNREGISTERED         ; Untyped                         ;
; ADDRESS_ACLR_A                     ; NONE                 ; Untyped                         ;
; OUTDATA_ACLR_A                     ; NONE                 ; Untyped                         ;
; WRCONTROL_ACLR_A                   ; NONE                 ; Untyped                         ;
; INDATA_ACLR_A                      ; NONE                 ; Untyped                         ;
; BYTEENA_ACLR_A                     ; NONE                 ; Untyped                         ;
; WIDTH_B                            ; 1                    ; Untyped                         ;
; WIDTHAD_B                          ; 1                    ; Untyped                         ;
; NUMWORDS_B                         ; 1                    ; Untyped                         ;
; INDATA_REG_B                       ; CLOCK1               ; Untyped                         ;
; WRCONTROL_WRADDRESS_REG_B          ; CLOCK1               ; Untyped                         ;
; RDCONTROL_REG_B                    ; CLOCK1               ; Untyped                         ;
; ADDRESS_REG_B                      ; CLOCK1               ; Untyped                         ;
; OUTDATA_REG_B                      ; UNREGISTERED         ; Untyped                         ;
; BYTEENA_REG_B                      ; CLOCK1               ; Untyped                         ;
; INDATA_ACLR_B                      ; NONE                 ; Untyped                         ;
; WRCONTROL_ACLR_B                   ; NONE                 ; Untyped                         ;
; ADDRESS_ACLR_B                     ; NONE                 ; Untyped                         ;
; OUTDATA_ACLR_B                     ; NONE                 ; Untyped                         ;
; RDCONTROL_ACLR_B                   ; NONE                 ; Untyped                         ;
; BYTEENA_ACLR_B                     ; NONE                 ; Untyped                         ;
; WIDTH_BYTEENA_A                    ; 1                    ; Signed Integer                  ;
; WIDTH_BYTEENA_B                    ; 1                    ; Untyped                         ;
; RAM_BLOCK_TYPE                     ; M4K                  ; Untyped                         ;
; BYTE_SIZE                          ; 8                    ; Untyped                         ;
; READ_DURING_WRITE_MODE_MIXED_PORTS ; DONT_CARE            ; Untyped                         ;
; READ_DURING_WRITE_MODE_PORT_A      ; NEW_DATA_NO_NBE_READ ; Untyped                         ;
; READ_DURING_WRITE_MODE_PORT_B      ; NEW_DATA_NO_NBE_READ ; Untyped                         ;
; INIT_FILE                          ; memInicializacao.mif ; Untyped                         ;
; INIT_FILE_LAYOUT                   ; PORT_A               ; Untyped                         ;
; MAXIMUM_DEPTH                      ; 0                    ; Untyped                         ;
; CLOCK_ENABLE_INPUT_A               ; BYPASS               ; Untyped                         ;
; CLOCK_ENABLE_INPUT_B               ; NORMAL               ; Untyped                         ;
; CLOCK_ENABLE_OUTPUT_A              ; BYPASS               ; Untyped                         ;
; CLOCK_ENABLE_OUTPUT_B              ; NORMAL               ; Untyped                         ;
; CLOCK_ENABLE_CORE_A                ; USE_INPUT_CLKEN      ; Untyped                         ;
; CLOCK_ENABLE_CORE_B                ; USE_INPUT_CLKEN      ; Untyped                         ;
; ENABLE_ECC                         ; FALSE                ; Untyped                         ;
; ECC_PIPELINE_STAGE_ENABLED         ; FALSE                ; Untyped                         ;
; WIDTH_ECCSTATUS                    ; 3                    ; Untyped                         ;
; DEVICE_FAMILY                      ; Cyclone II           ; Untyped                         ;
; CBXI_PARAMETER                     ; altsyncram_9pf1      ; Untyped                         ;
+------------------------------------+----------------------+---------------------------------+
Note: In order to hide this table in the UI and the text report file, please set the "Show Parameter Settings in Synthesis Report" option in "Analysis and Synthesis Settings -> More Settings" to "Off".


+--------------------------------------------------------------------------------------------+
; altsyncram Parameter Settings by Entity Instance                                           ;
+-------------------------------------------+------------------------------------------------+
; Name                                      ; Value                                          ;
+-------------------------------------------+------------------------------------------------+
; Number of entity instances                ; 1                                              ;
; Entity Instance                           ; MemLPM:memoria|altsyncram:altsyncram_component ;
;     -- OPERATION_MODE                     ; SINGLE_PORT                                    ;
;     -- WIDTH_A                            ; 16                                             ;
;     -- NUMWORDS_A                         ; 32                                             ;
;     -- OUTDATA_REG_A                      ; UNREGISTERED                                   ;
;     -- WIDTH_B                            ; 1                                              ;
;     -- NUMWORDS_B                         ; 1                                              ;
;     -- ADDRESS_REG_B                      ; CLOCK1                                         ;
;     -- OUTDATA_REG_B                      ; UNREGISTERED                                   ;
;     -- RAM_BLOCK_TYPE                     ; M4K                                            ;
;     -- READ_DURING_WRITE_MODE_MIXED_PORTS ; DONT_CARE                                      ;
+-------------------------------------------+------------------------------------------------+


+------------------------------------------------------------+
; Port Connectivity Checks: "decodificador:Display6_Tstep_Q" ;
+------------+-------+----------+----------------------------+
; Port       ; Type  ; Severity ; Details                    ;
+------------+-------+----------+----------------------------+
; Entrada[3] ; Input ; Info     ; Stuck at GND               ;
+------------+-------+----------+----------------------------+


+------------------------------------------------------------------------------------------------------------------------------------------------------------------------------+
; Port Connectivity Checks: "decodificador:Display0_DIN"                                                                                                                       ;
+---------+-------+----------+-------------------------------------------------------------------------------------------------------------------------------------------------+
; Port    ; Type  ; Severity ; Details                                                                                                                                         ;
+---------+-------+----------+-------------------------------------------------------------------------------------------------------------------------------------------------+
; Entrada ; Input ; Warning  ; Input port expression (3 bits) is smaller than the input port (4 bits) it drives.  Extra input bit(s) "Entrada[3..3]" will be connected to GND. ;
+---------+-------+----------+-------------------------------------------------------------------------------------------------------------------------------------------------+


+------------------------------------------------------------------------------------------------------------------------------------------------------------------------------+
; Port Connectivity Checks: "decodificador:Display1_DIN"                                                                                                                       ;
+---------+-------+----------+-------------------------------------------------------------------------------------------------------------------------------------------------+
; Port    ; Type  ; Severity ; Details                                                                                                                                         ;
+---------+-------+----------+-------------------------------------------------------------------------------------------------------------------------------------------------+
; Entrada ; Input ; Warning  ; Input port expression (3 bits) is smaller than the input port (4 bits) it drives.  Extra input bit(s) "Entrada[3..3]" will be connected to GND. ;
+---------+-------+----------+-------------------------------------------------------------------------------------------------------------------------------------------------+


+---------------------------------------------------------------------------------------------------------------------------------------------------------------------------------------------------------------+
; Port Connectivity Checks: "decodificador:Display3_DIN"                                                                                                                                                        ;
+---------+-------+----------+----------------------------------------------------------------------------------------------------------------------------------------------------------------------------------+
; Port    ; Type  ; Severity ; Details                                                                                                                                                                          ;
+---------+-------+----------+----------------------------------------------------------------------------------------------------------------------------------------------------------------------------------+
; Entrada ; Input ; Warning  ; Input port expression (6 bits) is wider than the input port (4 bits) it drives.  The 2 most-significant bit(s) in the expression will be dangling if they have no other fanouts. ;
+---------+-------+----------+----------------------------------------------------------------------------------------------------------------------------------------------------------------------------------+


+-----------------------------------------------------------------------------------------------------------------------------------------------------------------------+
; Port Connectivity Checks: "Processador:processador|ULA:ula"                                                                                                           ;
+------+-------+----------+---------------------------------------------------------------------------------------------------------------------------------------------+
; Port ; Type  ; Severity ; Details                                                                                                                                     ;
+------+-------+----------+---------------------------------------------------------------------------------------------------------------------------------------------+
; A    ; Input ; Warning  ; Input port expression (1 bits) is smaller than the input port (16 bits) it drives.  Extra input bit(s) "A[15..1]" will be connected to GND. ;
+------+-------+----------+---------------------------------------------------------------------------------------------------------------------------------------------+


+--------------------------------------------------------------------------------------------------------------------+
; Port Connectivity Checks: "Processador:processador|registradoresR:RegA"                                            ;
+----------+--------+----------+-------------------------------------------------------------------------------------+
; Port     ; Type   ; Severity ; Details                                                                             ;
+----------+--------+----------+-------------------------------------------------------------------------------------+
; RegSaida ; Output ; Info     ; Connected to dangling logic. Logic that only feeds a dangling port will be removed. ;
+----------+--------+----------+-------------------------------------------------------------------------------------+


+------------------------------------------------------------------+
; Port Connectivity Checks: "Processador:processador|dec3to8:RegY" ;
+------+-------+----------+----------------------------------------+
; Port ; Type  ; Severity ; Details                                ;
+------+-------+----------+----------------------------------------+
; En   ; Input ; Info     ; Stuck at VCC                           ;
+------+-------+----------+----------------------------------------+


+------------------------------------------------------------------+
; Port Connectivity Checks: "Processador:processador|dec3to8:RegX" ;
+------+-------+----------+----------------------------------------+
; Port ; Type  ; Severity ; Details                                ;
+------+-------+----------+----------------------------------------+
; En   ; Input ; Info     ; Stuck at VCC                           ;
+------+-------+----------+----------------------------------------+


+-----------------------------------------------------------------------------------------------------------------------------+
; Port Connectivity Checks: "Processador:processador"                                                                         ;
+-------------------+--------+----------+-------------------------------------------------------------------------------------+
; Port              ; Type   ; Severity ; Details                                                                             ;
+-------------------+--------+----------+-------------------------------------------------------------------------------------+
; AddressOut[15..8] ; Output ; Info     ; Connected to dangling logic. Logic that only feeds a dangling port will be removed. ;
+-------------------+--------+----------+-------------------------------------------------------------------------------------+


+-------------------------------+
; Elapsed Time Per Partition    ;
+----------------+--------------+
; Partition Name ; Elapsed Time ;
+----------------+--------------+
; Top            ; 00:00:02     ;
+----------------+--------------+


+-------------------------------+
; Analysis & Synthesis Messages ;
+-------------------------------+
Info: *******************************************************************
Info: Running Quartus II 64-Bit Analysis & Synthesis
    Info: Version 13.0.1 Build 232 06/12/2013 Service Pack 1 SJ Web Edition
    Info: Processing started: Sun Oct 01 23:10:41 2023
Info: Command: quartus_map --read_settings_files=on --write_settings_files=off ProcessadorMulticiclo -c ProcessadorMulticiclo
Warning (20028): Parallel compilation is not licensed and has been disabled
Info (12021): Found 1 design units, including 1 entities, in source file processadormulticiclo.v
    Info (12023): Found entity 1: ProcessadorMulticiclo
Info (12021): Found 1 design units, including 1 entities, in source file ula.v
    Info (12023): Found entity 1: ULA
Info (12021): Found 1 design units, including 1 entities, in source file registradoresr.v
    Info (12023): Found entity 1: registradoresR
Info (12021): Found 1 design units, including 1 entities, in source file registradoresi.v
    Info (12023): Found entity 1: registradoresI
Info (12021): Found 1 design units, including 1 entities, in source file processador.v
    Info (12023): Found entity 1: Processador
Warning (12090): Entity "mux" obtained from "mux.v" instead of from Quartus II megafunction library
Info (12021): Found 1 design units, including 1 entities, in source file mux.v
    Info (12023): Found entity 1: mux
Info (12021): Found 1 design units, including 1 entities, in source file decodificador.v
    Info (12023): Found entity 1: decodificador
Info (12021): Found 1 design units, including 1 entities, in source file dec3to8.v
    Info (12023): Found entity 1: dec3to8
Info (12021): Found 1 design units, including 1 entities, in source file counter.v
    Info (12023): Found entity 1: counter
Info (12021): Found 1 design units, including 1 entities, in source file contadoresr.v
    Info (12023): Found entity 1: contadoresR
Info (12021): Found 1 design units, including 1 entities, in source file memlpm.v
    Info (12023): Found entity 1: MemLPM
Warning (10236): Verilog HDL Implicit Net warning at Processador.v(216): created implicit net for "A"
Info (12127): Elaborating entity "ProcessadorMulticiclo" for the top level hierarchy
Warning (10034): Output port "LEDR[16]" at ProcessadorMulticiclo.v(22) has no driver
Warning (10034): Output port "LEDG[8..1]" at ProcessadorMulticiclo.v(27) has no driver
Info (12128): Elaborating entity "Processador" for hierarchy "Processador:processador"
Warning (10235): Verilog HDL Always Construct warning at Processador.v(102): variable "GSaida" is read inside the Always Construct but isn't in the Always Construct's Event Control
Warning (10270): Verilog HDL Case Statement warning at Processador.v(90): incomplete case statement has no default case item
Warning (10270): Verilog HDL Case Statement warning at Processador.v(130): incomplete case statement has no default case item
Warning (10270): Verilog HDL Case Statement warning at Processador.v(152): incomplete case statement has no default case item
Warning (10270): Verilog HDL Case Statement warning at Processador.v(174): incomplete case statement has no default case item
Warning (10270): Verilog HDL Case Statement warning at Processador.v(80): incomplete case statement has no default case item
Info (12128): Elaborating entity "counter" for hierarchy "Processador:processador|counter:Tstep"
Info (12128): Elaborating entity "dec3to8" for hierarchy "Processador:processador|dec3to8:RegX"
Info (12128): Elaborating entity "registradoresR" for hierarchy "Processador:processador|registradoresR:Reg0"
Info (12128): Elaborating entity "contadoresR" for hierarchy "Processador:processador|contadoresR:Reg7"
Info (12128): Elaborating entity "registradoresI" for hierarchy "Processador:processador|registradoresI:RegI"
Info (12128): Elaborating entity "ULA" for hierarchy "Processador:processador|ULA:ula"
Warning (10270): Verilog HDL Case Statement warning at ULA.v(25): incomplete case statement has no default case item
Warning (10240): Verilog HDL Always Construct warning at ULA.v(24): inferring latch(es) for variable "ResultadoULA", which holds its previous value in one or more paths through the always construct
Info (10041): Inferred latch for "ResultadoULA[0]" at ULA.v(24)
Info (10041): Inferred latch for "ResultadoULA[1]" at ULA.v(24)
Info (10041): Inferred latch for "ResultadoULA[2]" at ULA.v(24)
Info (10041): Inferred latch for "ResultadoULA[3]" at ULA.v(24)
Info (10041): Inferred latch for "ResultadoULA[4]" at ULA.v(24)
Info (10041): Inferred latch for "ResultadoULA[5]" at ULA.v(24)
Info (10041): Inferred latch for "ResultadoULA[6]" at ULA.v(24)
Info (10041): Inferred latch for "ResultadoULA[7]" at ULA.v(24)
Info (10041): Inferred latch for "ResultadoULA[8]" at ULA.v(24)
Info (10041): Inferred latch for "ResultadoULA[9]" at ULA.v(24)
Info (10041): Inferred latch for "ResultadoULA[10]" at ULA.v(24)
Info (10041): Inferred latch for "ResultadoULA[11]" at ULA.v(24)
Info (10041): Inferred latch for "ResultadoULA[12]" at ULA.v(24)
Info (10041): Inferred latch for "ResultadoULA[13]" at ULA.v(24)
Info (10041): Inferred latch for "ResultadoULA[14]" at ULA.v(24)
Info (10041): Inferred latch for "ResultadoULA[15]" at ULA.v(24)
Info (12128): Elaborating entity "mux" for hierarchy "Processador:processador|mux:MUX"
Warning (10235): Verilog HDL Always Construct warning at mux.v(32): variable "DIN" is read inside the Always Construct but isn't in the Always Construct's Event Control
Warning (10235): Verilog HDL Always Construct warning at mux.v(33): variable "GSaida" is read inside the Always Construct but isn't in the Always Construct's Event Control
Warning (10235): Verilog HDL Always Construct warning at mux.v(36): variable "R0Saida" is read inside the Always Construct but isn't in the Always Construct's Event Control
Warning (10235): Verilog HDL Always Construct warning at mux.v(37): variable "R1Saida" is read inside the Always Construct but isn't in the Always Construct's Event Control
Warning (10235): Verilog HDL Always Construct warning at mux.v(38): variable "R2Saida" is read inside the Always Construct but isn't in the Always Construct's Event Control
Warning (10235): Verilog HDL Always Construct warning at mux.v(39): variable "R3Saida" is read inside the Always Construct but isn't in the Always Construct's Event Control
Warning (10235): Verilog HDL Always Construct warning at mux.v(40): variable "R4Saida" is read inside the Always Construct but isn't in the Always Construct's Event Control
Warning (10235): Verilog HDL Always Construct warning at mux.v(41): variable "R5Saida" is read inside the Always Construct but isn't in the Always Construct's Event Control
Warning (10235): Verilog HDL Always Construct warning at mux.v(42): variable "R6Saida" is read inside the Always Construct but isn't in the Always Construct's Event Control
Warning (10235): Verilog HDL Always Construct warning at mux.v(43): variable "R7Saida" is read inside the Always Construct but isn't in the Always Construct's Event Control
Warning (10270): Verilog HDL Case Statement warning at mux.v(35): incomplete case statement has no default case item
Info (10264): Verilog HDL Case Statement information at mux.v(35): all case item expressions in this case statement are onehot
Warning (10240): Verilog HDL Always Construct warning at mux.v(31): inferring latch(es) for variable "MuxSaida", which holds its previous value in one or more paths through the always construct
Info (10041): Inferred latch for "MuxSaida[0]" at mux.v(33)
Info (10041): Inferred latch for "MuxSaida[1]" at mux.v(33)
Info (10041): Inferred latch for "MuxSaida[2]" at mux.v(33)
Info (10041): Inferred latch for "MuxSaida[3]" at mux.v(33)
Info (10041): Inferred latch for "MuxSaida[4]" at mux.v(33)
Info (10041): Inferred latch for "MuxSaida[5]" at mux.v(33)
Info (10041): Inferred latch for "MuxSaida[6]" at mux.v(33)
Info (10041): Inferred latch for "MuxSaida[7]" at mux.v(33)
Info (10041): Inferred latch for "MuxSaida[8]" at mux.v(33)
Info (10041): Inferred latch for "MuxSaida[9]" at mux.v(33)
Info (10041): Inferred latch for "MuxSaida[10]" at mux.v(33)
Info (10041): Inferred latch for "MuxSaida[11]" at mux.v(33)
Info (10041): Inferred latch for "MuxSaida[12]" at mux.v(33)
Info (10041): Inferred latch for "MuxSaida[13]" at mux.v(33)
Info (10041): Inferred latch for "MuxSaida[14]" at mux.v(33)
Info (10041): Inferred latch for "MuxSaida[15]" at mux.v(33)
Info (12128): Elaborating entity "MemLPM" for hierarchy "MemLPM:memoria"
Info (12128): Elaborating entity "altsyncram" for hierarchy "MemLPM:memoria|altsyncram:altsyncram_component"
Info (12130): Elaborated megafunction instantiation "MemLPM:memoria|altsyncram:altsyncram_component"
Info (12133): Instantiated megafunction "MemLPM:memoria|altsyncram:altsyncram_component" with the following parameter:
    Info (12134): Parameter "clock_enable_input_a" = "BYPASS"
    Info (12134): Parameter "clock_enable_output_a" = "BYPASS"
    Info (12134): Parameter "init_file" = "memInicializacao.mif"
    Info (12134): Parameter "intended_device_family" = "Cyclone II"
    Info (12134): Parameter "lpm_hint" = "ENABLE_RUNTIME_MOD=NO"
    Info (12134): Parameter "lpm_type" = "altsyncram"
    Info (12134): Parameter "numwords_a" = "32"
    Info (12134): Parameter "operation_mode" = "SINGLE_PORT"
    Info (12134): Parameter "outdata_aclr_a" = "NONE"
    Info (12134): Parameter "outdata_reg_a" = "UNREGISTERED"
    Info (12134): Parameter "power_up_uninitialized" = "FALSE"
    Info (12134): Parameter "ram_block_type" = "M4K"
    Info (12134): Parameter "widthad_a" = "5"
    Info (12134): Parameter "width_a" = "16"
    Info (12134): Parameter "width_byteena_a" = "1"
Info (12021): Found 1 design units, including 1 entities, in source file db/altsyncram_9pf1.tdf
    Info (12023): Found entity 1: altsyncram_9pf1
Info (12128): Elaborating entity "altsyncram_9pf1" for hierarchy "MemLPM:memoria|altsyncram:altsyncram_component|altsyncram_9pf1:auto_generated"
Info (12128): Elaborating entity "decodificador" for hierarchy "decodificador:Display3_DIN"
Warning (12241): 4 hierarchies have connectivity warnings - see the Connectivity Checks report folder
Warning (13012): Latch Processador:processador|mux:MUX|MuxSaida[0] has unsafe behavior
    Warning (13013): Ports D and ENA on the latch are fed by the same signal Processador:processador|counter:Tstep|CounterSaida[0]
Warning (13012): Latch Processador:processador|mux:MUX|MuxSaida[1] has unsafe behavior
    Warning (13013): Ports D and ENA on the latch are fed by the same signal Processador:processador|counter:Tstep|CounterSaida[0]
Warning (13012): Latch Processador:processador|mux:MUX|MuxSaida[2] has unsafe behavior
    Warning (13013): Ports D and ENA on the latch are fed by the same signal Processador:processador|counter:Tstep|CounterSaida[0]
Warning (13012): Latch Processador:processador|mux:MUX|MuxSaida[3] has unsafe behavior
    Warning (13013): Ports D and ENA on the latch are fed by the same signal Processador:processador|counter:Tstep|CounterSaida[0]
Warning (13012): Latch Processador:processador|mux:MUX|MuxSaida[4] has unsafe behavior
    Warning (13013): Ports D and ENA on the latch are fed by the same signal Processador:processador|counter:Tstep|CounterSaida[0]
Warning (13012): Latch Processador:processador|mux:MUX|MuxSaida[5] has unsafe behavior
    Warning (13013): Ports D and ENA on the latch are fed by the same signal Processador:processador|counter:Tstep|CounterSaida[0]
Warning (13012): Latch Processador:processador|mux:MUX|MuxSaida[6] has unsafe behavior
    Warning (13013): Ports D and ENA on the latch are fed by the same signal Processador:processador|counter:Tstep|CounterSaida[0]
Warning (13012): Latch Processador:processador|mux:MUX|MuxSaida[7] has unsafe behavior
    Warning (13013): Ports D and ENA on the latch are fed by the same signal Processador:processador|counter:Tstep|CounterSaida[0]
Warning (13012): Latch Processador:processador|mux:MUX|MuxSaida[8] has unsafe behavior
    Warning (13013): Ports D and ENA on the latch are fed by the same signal Processador:processador|counter:Tstep|CounterSaida[0]
Warning (13012): Latch Processador:processador|mux:MUX|MuxSaida[9] has unsafe behavior
    Warning (13013): Ports D and ENA on the latch are fed by the same signal Processador:processador|counter:Tstep|CounterSaida[0]
Warning (13012): Latch Processador:processador|mux:MUX|MuxSaida[10] has unsafe behavior
    Warning (13013): Ports D and ENA on the latch are fed by the same signal Processador:processador|counter:Tstep|CounterSaida[0]
Warning (13012): Latch Processador:processador|mux:MUX|MuxSaida[11] has unsafe behavior
    Warning (13013): Ports D and ENA on the latch are fed by the same signal Processador:processador|counter:Tstep|CounterSaida[0]
Warning (13012): Latch Processador:processador|mux:MUX|MuxSaida[12] has unsafe behavior
    Warning (13013): Ports D and ENA on the latch are fed by the same signal Processador:processador|counter:Tstep|CounterSaida[0]
Warning (13012): Latch Processador:processador|mux:MUX|MuxSaida[13] has unsafe behavior
    Warning (13013): Ports D and ENA on the latch are fed by the same signal Processador:processador|counter:Tstep|CounterSaida[0]
Warning (13012): Latch Processador:processador|mux:MUX|MuxSaida[14] has unsafe behavior
    Warning (13013): Ports D and ENA on the latch are fed by the same signal Processador:processador|counter:Tstep|CounterSaida[0]
Warning (13012): Latch Processador:processador|mux:MUX|MuxSaida[15] has unsafe behavior
    Warning (13013): Ports D and ENA on the latch are fed by the same signal Processador:processador|counter:Tstep|CounterSaida[0]
Warning (13012): Latch Processador:processador|ULA:ula|ResultadoULA[0] has unsafe behavior
    Warning (13013): Ports D and ENA on the latch are fed by the same signal Processador:processador|registradoresI:RegI|InstSaida[8]
Warning (13012): Latch Processador:processador|ULA:ula|ResultadoULA[1] has unsafe behavior
    Warning (13013): Ports D and ENA on the latch are fed by the same signal Processador:processador|registradoresI:RegI|InstSaida[9]
Warning (13012): Latch Processador:processador|ULA:ula|ResultadoULA[2] has unsafe behavior
    Warning (13013): Ports D and ENA on the latch are fed by the same signal Processador:processador|registradoresI:RegI|InstSaida[9]
Warning (13012): Latch Processador:processador|ULA:ula|ResultadoULA[3] has unsafe behavior
    Warning (13013): Ports D and ENA on the latch are fed by the same signal Processador:processador|registradoresI:RegI|InstSaida[9]
Warning (13012): Latch Processador:processador|ULA:ula|ResultadoULA[4] has unsafe behavior
    Warning (13013): Ports D and ENA on the latch are fed by the same signal Processador:processador|registradoresI:RegI|InstSaida[9]
Warning (13012): Latch Processador:processador|ULA:ula|ResultadoULA[5] has unsafe behavior
    Warning (13013): Ports D and ENA on the latch are fed by the same signal Processador:processador|registradoresI:RegI|InstSaida[9]
Warning (13012): Latch Processador:processador|ULA:ula|ResultadoULA[6] has unsafe behavior
    Warning (13013): Ports D and ENA on the latch are fed by the same signal Processador:processador|registradoresI:RegI|InstSaida[9]
Warning (13012): Latch Processador:processador|ULA:ula|ResultadoULA[7] has unsafe behavior
    Warning (13013): Ports D and ENA on the latch are fed by the same signal Processador:processador|registradoresI:RegI|InstSaida[9]
Warning (13012): Latch Processador:processador|ULA:ula|ResultadoULA[8] has unsafe behavior
    Warning (13013): Ports D and ENA on the latch are fed by the same signal Processador:processador|registradoresI:RegI|InstSaida[9]
Warning (13012): Latch Processador:processador|ULA:ula|ResultadoULA[9] has unsafe behavior
    Warning (13013): Ports D and ENA on the latch are fed by the same signal Processador:processador|registradoresI:RegI|InstSaida[9]
Warning (13012): Latch Processador:processador|ULA:ula|ResultadoULA[10] has unsafe behavior
    Warning (13013): Ports D and ENA on the latch are fed by the same signal Processador:processador|registradoresI:RegI|InstSaida[9]
Warning (13012): Latch Processador:processador|ULA:ula|ResultadoULA[11] has unsafe behavior
    Warning (13013): Ports D and ENA on the latch are fed by the same signal Processador:processador|registradoresI:RegI|InstSaida[9]
Warning (13012): Latch Processador:processador|ULA:ula|ResultadoULA[12] has unsafe behavior
    Warning (13013): Ports D and ENA on the latch are fed by the same signal Processador:processador|registradoresI:RegI|InstSaida[9]
Warning (13012): Latch Processador:processador|ULA:ula|ResultadoULA[13] has unsafe behavior
    Warning (13013): Ports D and ENA on the latch are fed by the same signal Processador:processador|registradoresI:RegI|InstSaida[9]
Warning (13012): Latch Processador:processador|ULA:ula|ResultadoULA[14] has unsafe behavior
    Warning (13013): Ports D and ENA on the latch are fed by the same signal Processador:processador|registradoresI:RegI|InstSaida[9]
Warning (13012): Latch Processador:processador|ULA:ula|ResultadoULA[15] has unsafe behavior
    Warning (13013): Ports D and ENA on the latch are fed by the same signal Processador:processador|registradoresI:RegI|InstSaida[9]
Warning (13024): Output pins are stuck at VCC or GND
    Warning (13410): Pin "LEDR[16]" is stuck at GND
    Warning (13410): Pin "LEDG[1]" is stuck at GND
    Warning (13410): Pin "LEDG[2]" is stuck at GND
    Warning (13410): Pin "LEDG[3]" is stuck at GND
    Warning (13410): Pin "LEDG[4]" is stuck at GND
    Warning (13410): Pin "LEDG[5]" is stuck at GND
    Warning (13410): Pin "LEDG[6]" is stuck at GND
    Warning (13410): Pin "LEDG[7]" is stuck at GND
    Warning (13410): Pin "LEDG[8]" is stuck at GND
Info (144001): Generated suppressed messages file E:/Documentos/CEFET/OneDrive/2023-2/2ECOM028_LAB-ARQUITETURA-ORGANIZACAO-DE-COMPUTADORES-II_T02_6T34/P02/Part1rev2/output_files/ProcessadorMulticiclo.map.smsg
Info (16010): Generating hard_block partition "hard_block:auto_generated_inst"
    Info (16011): Adding 0 node(s), including 0 DDIO, 0 PLL, 0 transceiver and 0 LCELL
Warning (21074): Design contains 20 input pin(s) that do not drive logic
    Warning (15610): No output dependent on input pin "SW[0]"
    Warning (15610): No output dependent on input pin "SW[1]"
    Warning (15610): No output dependent on input pin "SW[2]"
    Warning (15610): No output dependent on input pin "SW[3]"
    Warning (15610): No output dependent on input pin "SW[4]"
    Warning (15610): No output dependent on input pin "SW[5]"
    Warning (15610): No output dependent on input pin "SW[6]"
    Warning (15610): No output dependent on input pin "SW[7]"
    Warning (15610): No output dependent on input pin "SW[8]"
    Warning (15610): No output dependent on input pin "SW[9]"
    Warning (15610): No output dependent on input pin "SW[10]"
    Warning (15610): No output dependent on input pin "SW[11]"
    Warning (15610): No output dependent on input pin "SW[12]"
    Warning (15610): No output dependent on input pin "SW[13]"
    Warning (15610): No output dependent on input pin "SW[14]"
    Warning (15610): No output dependent on input pin "SW[15]"
    Warning (15610): No output dependent on input pin "SW[16]"
    Warning (15610): No output dependent on input pin "SW[17]"
    Warning (15610): No output dependent on input pin "KEY[2]"
    Warning (15610): No output dependent on input pin "KEY[3]"
Info (21057): Implemented 609 device resources after synthesis - the final resource count might be different
    Info (21058): Implemented 22 input pins
    Info (21059): Implemented 83 output pins
    Info (21061): Implemented 488 logic cells
    Info (21064): Implemented 16 RAM segments
Info: Quartus II 64-Bit Analysis & Synthesis was successful. 0 errors, 121 warnings
    Info: Peak virtual memory: 4618 megabytes
    Info: Processing ended: Sun Oct 01 23:10:51 2023
    Info: Elapsed time: 00:00:10
    Info: Total CPU time (on all processors): 00:00:05


+------------------------------------------+
; Analysis & Synthesis Suppressed Messages ;
+------------------------------------------+
The suppressed messages can be found in E:/Documentos/CEFET/OneDrive/2023-2/2ECOM028_LAB-ARQUITETURA-ORGANIZACAO-DE-COMPUTADORES-II_T02_6T34/P02/Part1rev2/output_files/ProcessadorMulticiclo.map.smsg.


